Log file open, 04/03/20 15:40:16
LogWindows: Failed to load 'aqProf.dll' (GetLastError=126)
LogWindows: File 'aqProf.dll' does not exist
LogWindows: Failed to load 'VtuneApi.dll' (GetLastError=126)
LogWindows: File 'VtuneApi.dll' does not exist
LogWindows: Failed to load 'VtuneApi32e.dll' (GetLastError=126)
LogWindows: File 'VtuneApi32e.dll' does not exist
LogConsoleResponse: Display: Failed to find resolution value strings in scalability ini. Falling back to default.
LogInit: Display: Running engine for game: Project3_VR
LogPakFile: Registered encryption key '00000000000000000000000000000000': 0 pak files mounted, 0 remain pending
LogPlatformFile: Not using cached read wrapper
LogTaskGraph: Started task graph with 5 named threads and 35 total threads with 3 sets of task threads.
LogStats: Stats thread started at 0.389650
LogD3D11RHI: Loaded GFSDK_Aftermath_Lib.x64.dll
LogICUInternationalization: ICU TimeZone Detection - Raw Offset: +8:00, Platform Override: ''
LogPluginManager: Mounting plugin Paper2D
LogPluginManager: Mounting plugin AISupport
LogPluginManager: Mounting plugin LightPropagationVolume
LogPluginManager: Mounting plugin ActorLayerUtilities
LogPluginManager: Mounting plugin AnimationSharing
LogPluginManager: Mounting plugin CLionSourceCodeAccess
LogPluginManager: Mounting plugin CodeLiteSourceCodeAccess
LogPluginManager: Mounting plugin GitSourceControl
LogPluginManager: Mounting plugin KDevelopSourceCodeAccess
LogPluginManager: Mounting plugin NullSourceCodeAccess
LogPluginManager: Mounting plugin PerforceSourceControl
LogPluginManager: Mounting plugin SubversionSourceControl
LogPluginManager: Mounting plugin UObjectPlugin
LogPluginManager: Mounting plugin VisualStudioCodeSourceCodeAccess
LogPluginManager: Mounting plugin VisualStudioSourceCodeAccess
LogPluginManager: Mounting plugin XCodeSourceCodeAccess
LogPluginManager: Mounting plugin AssetManagerEditor
LogPluginManager: Mounting plugin CryptoKeys
LogPluginManager: Mounting plugin DataValidation
LogPluginManager: Mounting plugin EditorScriptingUtilities
LogPluginManager: Mounting plugin FacialAnimation
LogPluginManager: Mounting plugin GameplayTagsEditor
LogPluginManager: Mounting plugin MacGraphicsSwitching
LogPluginManager: Mounting plugin MaterialAnalyzer
LogPluginManager: Mounting plugin MobileLauncherProfileWizard
LogPluginManager: Mounting plugin PluginBrowser
LogPluginManager: Mounting plugin SpeedTreeImporter
LogPluginManager: Mounting plugin DatasmithContent
LogPluginManager: Mounting plugin VariantManagerContent
LogPluginManager: Mounting plugin AlembicImporter
LogPluginManager: Mounting plugin AppleImageUtils
LogPluginManager: Mounting plugin AppleVision
LogPluginManager: Mounting plugin BackChannel
LogPluginManager: Mounting plugin CharacterAI
LogPluginManager: Mounting plugin GeometryCache
LogPluginManager: Mounting plugin HTML5Networking
LogPluginManager: Mounting plugin ProxyLODPlugin
LogPluginManager: Mounting plugin PythonScriptPlugin
LogPluginManager: Mounting plugin SkeletalReduction
LogPluginManager: Mounting plugin MagicLeap
LogPluginManager: Mounting plugin MagicLeapMedia
LogPluginManager: Mounting plugin AndroidMedia
LogPluginManager: Mounting plugin AvfMedia
LogPluginManager: Mounting plugin ImgMedia
LogPluginManager: Mounting plugin LinearTimecode
LogPluginManager: Mounting plugin MediaCompositing
LogPluginManager: Mounting plugin MediaPlayerEditor
LogPluginManager: Mounting plugin WebMMedia
LogPluginManager: Mounting plugin WmfMedia
LogPluginManager: Mounting plugin MegascansPlugin
LogPluginManager: Mounting plugin TcpMessaging
LogPluginManager: Mounting plugin UdpMessaging
LogPluginManager: Mounting plugin ActorSequence
LogPluginManager: Mounting plugin LevelSequenceEditor
LogPluginManager: Mounting plugin MatineeToLevelSequence
LogPluginManager: Mounting plugin NetcodeUnitTest
LogPluginManager: Mounting plugin NUTUnrealEngine4
LogPluginManager: Mounting plugin OnlineSubsystemGooglePlay
LogPluginManager: Mounting plugin OnlineSubsystemIOS
LogPluginManager: Mounting plugin OnlineSubsystem
LogPluginManager: Mounting plugin OnlineSubsystemNull
LogPluginManager: Mounting plugin OnlineSubsystemUtils
LogPluginManager: Mounting plugin LauncherChunkInstaller
LogPluginManager: Mounting plugin AndroidDeviceProfileSelector
LogPluginManager: Mounting plugin AndroidMoviePlayer
LogPluginManager: Mounting plugin AndroidPermission
LogPluginManager: Mounting plugin AppleMoviePlayer
LogPluginManager: Mounting plugin ArchVisCharacter
LogPluginManager: Mounting plugin AudioCapture
LogPluginManager: Mounting plugin CableComponent
LogPluginManager: Mounting plugin CustomMeshComponent
LogPluginManager: Mounting plugin EditableMesh
LogPluginManager: Mounting plugin ExampleDeviceProfileSelector
LogPluginManager: Mounting plugin Firebase
LogPluginManager: Mounting plugin GoogleCloudMessaging
LogPluginManager: Mounting plugin IOSDeviceProfileSelector
LogPluginManager: Mounting plugin LinuxDeviceProfileSelector
LogPluginManager: Mounting plugin LocationServicesBPLibrary
LogPluginManager: Mounting plugin MobilePatchingUtils
LogPluginManager: Mounting plugin OculusVR
LogPluginManager: Mounting plugin PhysXVehicles
LogPluginManager: Mounting plugin ProceduralMeshComponent
LogPluginManager: Mounting plugin RuntimePhysXCooking
LogPluginManager: Mounting plugin SignificanceManager
LogPluginManager: Mounting plugin SteamVR
LogPluginManager: Mounting plugin WebMMoviePlayer
LogPluginManager: Mounting plugin WindowsMoviePlayer
LogInit: Using libcurl 7.55.1-DEV
LogInit:  - built for x86_64-pc-win32
LogInit:  - supports SSL with OpenSSL/1.1.1
LogInit:  - supports HTTP deflate (compression) using libz 1.2.8
LogInit:  - other features:
LogInit:      CURL_VERSION_SSL
LogInit:      CURL_VERSION_LIBZ
LogInit:      CURL_VERSION_IPV6
LogInit:      CURL_VERSION_ASYNCHDNS
LogInit:      CURL_VERSION_LARGEFILE
LogInit:      CURL_VERSION_IDN
LogInit:  CurlRequestOptions (configurable via config and command line):
LogInit:  - bVerifyPeer = true  - Libcurl will verify peer certificate
LogInit:  - bUseHttpProxy = false  - Libcurl will NOT use HTTP proxy
LogInit:  - bDontReuseConnections = false  - Libcurl will reuse connections
LogInit:  - MaxHostConnections = 16  - Libcurl will limit the number of connections to a host
LogInit:  - LocalHostAddr = Default
LogInit:  - BufferSize = 65536
LogInit: WinSock: version 1.1 (2.2), MaxSocks=32767, MaxUdp=65467
LogInit: Build: ++UE4+Release-4.22-CL-7053642
LogInit: Engine Version: 4.22.3-7053642+++UE4+Release-4.22
LogInit: Compatible Engine Version: 4.22.0-5660361+++UE4+Release-4.22
LogInit: Net CL: 5660361
LogInit: OS: Windows 10 (Release 1903) (), CPU: Intel(R) Core(TM) i7-8700 CPU @ 3.20GHz, GPU: NVIDIA GeForce GTX 1070
LogInit: Compiled (64-bit): Jun 18 2019 03:09:11
LogInit: Compiled with Visual C++: 19.16.27025.01
LogInit: Build Configuration: Development
LogInit: Branch Name: ++UE4+Release-4.22
LogInit: Command Line: 
LogInit: Base Directory: E:/Unreal/UE_4.22/Engine/Binaries/Win64/
LogInit: Installed Engine Build: 1
LogDevObjectVersion: Number of dev versions registered: 23
LogDevObjectVersion:   Dev-Blueprints (B0D832E4-1F89-4F0D-ACCF-7EB736FD4AA2): 10
LogDevObjectVersion:   Dev-Build (E1C64328-A22C-4D53-A36C-8E866417BD8C): 0
LogDevObjectVersion:   Dev-Core (375EC13C-06E4-48FB-B500-84F0262A717E): 3
LogDevObjectVersion:   Dev-Editor (E4B068ED-F494-42E9-A231-DA0B2E46BB41): 30
LogDevObjectVersion:   Dev-Framework (CFFC743F-43B0-4480-9391-14DF171D2073): 35
LogDevObjectVersion:   Dev-Mobile (B02B49B5-BB20-44E9-A304-32B752E40360): 2
LogDevObjectVersion:   Dev-Networking (A4E4105C-59A1-49B5-A7C5-40C4547EDFEE): 0
LogDevObjectVersion:   Dev-Online (39C831C9-5AE6-47DC-9A44-9C173E1C8E7C): 0
LogDevObjectVersion:   Dev-Physics (78F01B33-EBEA-4F98-B9B4-84EACCB95AA2): 0
LogDevObjectVersion:   Dev-Platform (6631380F-2D4D-43E0-8009-CF276956A95A): 0
LogDevObjectVersion:   Dev-Rendering (12F88B9F-8875-4AFC-A67C-D90C383ABD29): 28
LogDevObjectVersion:   Dev-Sequencer (7B5AE74C-D270-4C10-A958-57980B212A5A): 11
LogDevObjectVersion:   Dev-VR (D7296918-1DD6-4BDD-9DE2-64A83CC13884): 2
LogDevObjectVersion:   Dev-LoadTimes (C2A15278-BFE7-4AFE-6C17-90FF531DF755): 1
LogDevObjectVersion:   Private-Geometry (6EACA3D4-40EC-4CC1-B786-8BED09428FC5): 3
LogDevObjectVersion:   Dev-AnimPhys (29E575DD-E0A3-4627-9D10-D276232CDCEA): 17
LogDevObjectVersion:   Dev-Anim (AF43A65D-7FD3-4947-9873-3E8ED9C1BB05): 2
LogDevObjectVersion:   Dev-ReflectionCapture (6B266CEC-1EC7-4B8F-A30B-E4D90942FC07): 1
LogDevObjectVersion:   Dev-Automation (0DF73D61-A23F-47EA-B727-89E90C41499A): 1
LogDevObjectVersion:   FortniteMain (601D1886-AC64-4F84-AA16-D3DE0DEAC7D6): 25
LogDevObjectVersion:   Dev-Enterprise (9DFFBCD6-494F-0158-E221-12823C92A888): 6
LogDevObjectVersion:   Dev-Niagara (F2AED0AC-9AFE-416F-8664-AA7FFA26D6FC): 1
LogDevObjectVersion:   Dev-Destruction (174F1F0B-B4C6-45A5-B13F-2EE8D0FB917D): 2
LogInit: Presizing for max 16777216 objects, including 0 objects not considered by GC, pre-allocating 0 bytes for permanent pool.
LogInit: Object subsystem initialized
LogConfig: Setting CVar [[con.DebugEarlyDefault:1]]
LogConfig: Setting CVar [[r.setres:1280x720]]
[2020.04.03-07.40.16:698][  0]LogConfig: Setting CVar [[r.VSync:0]]
[2020.04.03-07.40.16:698][  0]LogConfig: Setting CVar [[r.RHICmdBypass:0]]
[2020.04.03-07.40.16:698][  0]LogConfig: Applying CVar settings from Section [/Script/Engine.RendererSettings] File [E:/TheSquire/GDS210.3-Alternate-Realities/Project3_VR/Saved/Config/Windows/Engine.ini]
[2020.04.03-07.40.16:698][  0]LogConfig: Setting CVar [[r.GPUCrashDebugging:0]]
[2020.04.03-07.40.16:698][  0]LogConfig: Setting CVar [[r.DefaultFeature.AmbientOcclusion:0]]
[2020.04.03-07.40.16:698][  0]LogConfig: Setting CVar [[r.DefaultFeature.AmbientOcclusionStaticFraction:0]]
[2020.04.03-07.40.16:698][  0]LogConfig: Setting CVar [[vr.InstancedStereo:1]]
[2020.04.03-07.40.16:699][  0]LogConfig: Setting CVar [[r.SeparateTranslucency:0]]
[2020.04.03-07.40.16:699][  0]LogConfig: Setting CVar [[r.HZBOcclusion:0]]
[2020.04.03-07.40.16:699][  0]LogConfig: Setting CVar [[r.SSR.MaxRoughness:0]]
[2020.04.03-07.40.16:699][  0]LogConfig: Setting CVar [[r.rhicmdbypass:0]]
[2020.04.03-07.40.16:699][  0]LogConfig: Applying CVar settings from Section [/Script/Engine.RendererOverrideSettings] File [E:/TheSquire/GDS210.3-Alternate-Realities/Project3_VR/Saved/Config/Windows/Engine.ini]
[2020.04.03-07.40.16:699][  0]LogConfig: Applying CVar settings from Section [/Script/Engine.StreamingSettings] File [E:/TheSquire/GDS210.3-Alternate-Realities/Project3_VR/Saved/Config/Windows/Engine.ini]
[2020.04.03-07.40.16:699][  0]LogConfig: Setting CVar [[s.MinBulkDataSizeForAsyncLoading:131072]]
[2020.04.03-07.40.16:699][  0]LogConfig: Setting CVar [[s.AsyncLoadingThreadEnabled:0]]
[2020.04.03-07.40.16:699][  0]LogConfig: Setting CVar [[s.EventDrivenLoaderEnabled:1]]
[2020.04.03-07.40.16:699][  0]LogConfig: Setting CVar [[s.WarnIfTimeLimitExceeded:0]]
[2020.04.03-07.40.16:699][  0]LogConfig: Setting CVar [[s.TimeLimitExceededMultiplier:1.5]]
[2020.04.03-07.40.16:699][  0]LogConfig: Setting CVar [[s.TimeLimitExceededMinTime:0.005]]
[2020.04.03-07.40.16:699][  0]LogConfig: Setting CVar [[s.UseBackgroundLevelStreaming:1]]
[2020.04.03-07.40.16:699][  0]LogConfig: Setting CVar [[s.PriorityAsyncLoadingExtraTime:15.0]]
[2020.04.03-07.40.16:699][  0]LogConfig: Setting CVar [[s.LevelStreamingActorsUpdateTimeLimit:5.0]]
[2020.04.03-07.40.16:699][  0]LogConfig: Setting CVar [[s.PriorityLevelStreamingActorsUpdateExtraTime:5.0]]
[2020.04.03-07.40.16:699][  0]LogConfig: Setting CVar [[s.LevelStreamingComponentsRegistrationGranularity:10]]
[2020.04.03-07.40.16:699][  0]LogConfig: Setting CVar [[s.UnregisterComponentsTimeLimit:1.0]]
[2020.04.03-07.40.16:699][  0]LogConfig: Setting CVar [[s.LevelStreamingComponentsUnregistrationGranularity:5]]
[2020.04.03-07.40.16:699][  0]LogConfig: Applying CVar settings from Section [/Script/Engine.GarbageCollectionSettings] File [E:/TheSquire/GDS210.3-Alternate-Realities/Project3_VR/Saved/Config/Windows/Engine.ini]
[2020.04.03-07.40.16:699][  0]LogConfig: Setting CVar [[gc.MaxObjectsNotConsideredByGC:1]]
[2020.04.03-07.40.16:699][  0]LogConfig: Setting CVar [[gc.SizeOfPermanentObjectPool:0]]
[2020.04.03-07.40.16:699][  0]LogConfig: Setting CVar [[gc.FlushStreamingOnGC:0]]
[2020.04.03-07.40.16:699][  0]LogConfig: Setting CVar [[gc.NumRetriesBeforeForcingGC:10]]
[2020.04.03-07.40.16:699][  0]LogConfig: Setting CVar [[gc.AllowParallelGC:1]]
[2020.04.03-07.40.16:699][  0]LogConfig: Setting CVar [[gc.TimeBetweenPurgingPendingKillObjects:61.1]]
[2020.04.03-07.40.16:699][  0]LogConfig: Setting CVar [[gc.MaxObjectsInEditor:16777216]]
[2020.04.03-07.40.16:699][  0]LogConfig: Setting CVar [[gc.IncrementalBeginDestroyEnabled:1]]
[2020.04.03-07.40.16:699][  0]LogConfig: Setting CVar [[gc.CreateGCClusters:1]]
[2020.04.03-07.40.16:699][  0]LogConfig: Setting CVar [[gc.MinGCClusterSize:5]]
[2020.04.03-07.40.16:699][  0]LogConfig: Setting CVar [[gc.ActorClusteringEnabled:0]]
[2020.04.03-07.40.16:699][  0]LogConfig: Setting CVar [[gc.BlueprintClusteringEnabled:0]]
[2020.04.03-07.40.16:699][  0]LogConfig: Setting CVar [[gc.UseDisregardForGCOnDedicatedServers:0]]
[2020.04.03-07.40.16:699][  0]LogConfig: Applying CVar settings from Section [/Script/Engine.NetworkSettings] File [E:/TheSquire/GDS210.3-Alternate-Realities/Project3_VR/Saved/Config/Windows/Engine.ini]
[2020.04.03-07.40.16:699][  0]LogConfig: Applying CVar settings from Section [/Script/UnrealEd.CookerSettings] File [E:/TheSquire/GDS210.3-Alternate-Realities/Project3_VR/Saved/Config/Windows/Engine.ini]
[2020.04.03-07.40.16:701][  0]LogConfig: Applying CVar settings from Section [ViewDistanceQuality@3] File [E:/TheSquire/GDS210.3-Alternate-Realities/Project3_VR/Saved/Config/Windows/Scalability.ini]
[2020.04.03-07.40.16:701][  0]LogConfig: Setting CVar [[r.SkeletalMeshLODBias:0]]
[2020.04.03-07.40.16:701][  0]LogConfig: Setting CVar [[r.ViewDistanceScale:1.0]]
[2020.04.03-07.40.16:701][  0]LogConfig: Applying CVar settings from Section [AntiAliasingQuality@3] File [E:/TheSquire/GDS210.3-Alternate-Realities/Project3_VR/Saved/Config/Windows/Scalability.ini]
[2020.04.03-07.40.16:701][  0]LogConfig: Setting CVar [[r.PostProcessAAQuality:3]]
[2020.04.03-07.40.16:701][  0]LogConfig: Applying CVar settings from Section [ShadowQuality@3] File [E:/TheSquire/GDS210.3-Alternate-Realities/Project3_VR/Saved/Config/Windows/Scalability.ini]
[2020.04.03-07.40.16:701][  0]LogConfig: Setting CVar [[r.LightFunctionQuality:1]]
[2020.04.03-07.40.16:701][  0]LogConfig: Setting CVar [[r.ShadowQuality:5]]
[2020.04.03-07.40.16:701][  0]LogConfig: Setting CVar [[r.Shadow.CSM.MaxCascades:10]]
[2020.04.03-07.40.16:701][  0]LogConfig: Setting CVar [[r.Shadow.MaxResolution:2048]]
[2020.04.03-07.40.16:701][  0]LogConfig: Setting CVar [[r.Shadow.MaxCSMResolution:2048]]
[2020.04.03-07.40.16:701][  0]LogConfig: Setting CVar [[r.Shadow.RadiusThreshold:0.01]]
[2020.04.03-07.40.16:701][  0]LogConfig: Setting CVar [[r.Shadow.DistanceScale:1.0]]
[2020.04.03-07.40.16:701][  0]LogConfig: Setting CVar [[r.Shadow.CSM.TransitionScale:1.0]]
[2020.04.03-07.40.16:701][  0]LogConfig: Setting CVar [[r.Shadow.PreShadowResolutionFactor:1.0]]
[2020.04.03-07.40.16:701][  0]LogConfig: Setting CVar [[r.DistanceFieldShadowing:1]]
[2020.04.03-07.40.16:701][  0]LogConfig: Setting CVar [[r.DistanceFieldAO:1]]
[2020.04.03-07.40.16:701][  0]LogConfig: Setting CVar [[r.AOQuality:2]]
[2020.04.03-07.40.16:701][  0]LogConfig: Setting CVar [[r.VolumetricFog:1]]
[2020.04.03-07.40.16:701][  0]LogConfig: Setting CVar [[r.VolumetricFog.GridPixelSize:8]]
[2020.04.03-07.40.16:701][  0]LogConfig: Setting CVar [[r.VolumetricFog.GridSizeZ:128]]
[2020.04.03-07.40.16:701][  0]LogConfig: Setting CVar [[r.VolumetricFog.HistoryMissSupersampleCount:4]]
[2020.04.03-07.40.16:701][  0]LogConfig: Setting CVar [[r.LightMaxDrawDistanceScale:1]]
[2020.04.03-07.40.16:701][  0]LogConfig: Setting CVar [[r.CapsuleShadows:1]]
[2020.04.03-07.40.16:701][  0]LogConfig: Applying CVar settings from Section [PostProcessQuality@3] File [E:/TheSquire/GDS210.3-Alternate-Realities/Project3_VR/Saved/Config/Windows/Scalability.ini]
[2020.04.03-07.40.16:701][  0]LogConfig: Setting CVar [[r.MotionBlurQuality:0]]
[2020.04.03-07.40.16:701][  0]LogConfig: Setting CVar [[r.AmbientOcclusionMipLevelFactor:0.4]]
[2020.04.03-07.40.16:701][  0]LogConfig: Setting CVar [[r.AmbientOcclusionMaxQuality:100]]
[2020.04.03-07.40.16:701][  0]LogConfig: Setting CVar [[r.AmbientOcclusionLevels:0]]
[2020.04.03-07.40.16:701][  0]LogConfig: Setting CVar [[r.AmbientOcclusionRadiusScale:1.0]]
[2020.04.03-07.40.16:701][  0]LogConfig: Setting CVar [[r.DepthOfFieldQuality:0]]
[2020.04.03-07.40.16:701][  0]LogConfig: Setting CVar [[r.RenderTargetPoolMin:400]]
[2020.04.03-07.40.16:701][  0]LogConfig: Setting CVar [[r.LensFlareQuality:0]]
[2020.04.03-07.40.16:701][  0]LogConfig: Setting CVar [[r.SceneColorFringeQuality:0]]
[2020.04.03-07.40.16:701][  0]LogConfig: Setting CVar [[r.EyeAdaptationQuality:2]]
[2020.04.03-07.40.16:701][  0]LogConfig: Setting CVar [[r.BloomQuality:1]]
[2020.04.03-07.40.16:701][  0]LogConfig: Setting CVar [[r.FastBlurThreshold:0]]
[2020.04.03-07.40.16:701][  0]LogConfig: Setting CVar [[r.Upscale.Quality:3]]
[2020.04.03-07.40.16:701][  0]LogConfig: Setting CVar [[r.Tonemapper.GrainQuantization:1]]
[2020.04.03-07.40.16:701][  0]LogConfig: Setting CVar [[r.LightShaftQuality:1]]
[2020.04.03-07.40.16:701][  0]LogConfig: Setting CVar [[r.Filter.SizeScale:1]]
[2020.04.03-07.40.16:701][  0]LogConfig: Setting CVar [[r.Tonemapper.Quality:5]]
[2020.04.03-07.40.16:701][  0]LogConfig: Setting CVar [[r.DOF.Gather.AccumulatorQuality:1        ; higher gathering accumulator quality]]
[2020.04.03-07.40.16:701][  0]LogConfig: Setting CVar [[r.DOF.Gather.PostfilterMethod:1          ; Median3x3 postfilering method]]
[2020.04.03-07.40.16:701][  0]LogConfig: Setting CVar [[r.DOF.Gather.EnableBokehSettings:0       ; no bokeh simulation when gathering]]
[2020.04.03-07.40.16:701][  0]LogConfig: Setting CVar [[r.DOF.Gather.RingCount:4                 ; medium number of samples when gathering]]
[2020.04.03-07.40.16:701][  0]LogConfig: Setting CVar [[r.DOF.Scatter.ForegroundCompositing:1    ; additive foreground scattering]]
[2020.04.03-07.40.16:701][  0]LogConfig: Setting CVar [[r.DOF.Scatter.BackgroundCompositing:2    ; additive background scattering]]
[2020.04.03-07.40.16:701][  0]LogConfig: Setting CVar [[r.DOF.Scatter.EnableBokehSettings:1      ; bokeh simulation when scattering]]
[2020.04.03-07.40.16:701][  0]LogConfig: Setting CVar [[r.DOF.Scatter.MaxSpriteRatio:0.1         ; only a maximum of 10% of scattered bokeh]]
[2020.04.03-07.40.16:701][  0]LogConfig: Setting CVar [[r.DOF.Recombine.Quality:1                ; cheap slight out of focus]]
[2020.04.03-07.40.16:701][  0]LogConfig: Setting CVar [[r.DOF.Recombine.EnableBokehSettings:0    ; no bokeh simulation on slight out of focus]]
[2020.04.03-07.40.16:701][  0]LogConfig: Setting CVar [[r.DOF.TemporalAAQuality:1                ; more stable temporal accumulation]]
[2020.04.03-07.40.16:701][  0]LogConfig: Setting CVar [[r.DOF.Kernel.MaxForegroundRadius:0.025]]
[2020.04.03-07.40.16:701][  0]LogConfig: Setting CVar [[r.DOF.Kernel.MaxBackgroundRadius:0.025]]
[2020.04.03-07.40.16:701][  0]LogConfig: Applying CVar settings from Section [TextureQuality@3] File [E:/TheSquire/GDS210.3-Alternate-Realities/Project3_VR/Saved/Config/Windows/Scalability.ini]
[2020.04.03-07.40.16:701][  0]LogConfig: Setting CVar [[r.Streaming.MipBias:0]]
[2020.04.03-07.40.16:702][  0]LogConfig: Setting CVar [[r.Streaming.AmortizeCPUToGPUCopy:0]]
[2020.04.03-07.40.16:702][  0]LogConfig: Setting CVar [[r.Streaming.MaxNumTexturesToStreamPerFrame:0]]
[2020.04.03-07.40.16:702][  0]LogConfig: Setting CVar [[r.Streaming.Boost:1]]
[2020.04.03-07.40.16:702][  0]LogConfig: Setting CVar [[r.MaxAnisotropy:8]]
[2020.04.03-07.40.16:702][  0]LogConfig: Setting CVar [[r.Streaming.LimitPoolSizeToVRAM:0]]
[2020.04.03-07.40.16:702][  0]LogConfig: Setting CVar [[r.Streaming.PoolSize:1000]]
[2020.04.03-07.40.16:702][  0]LogConfig: Setting CVar [[r.Streaming.MaxEffectiveScreenSize:0]]
[2020.04.03-07.40.16:702][  0]LogConfig: Applying CVar settings from Section [EffectsQuality@3] File [E:/TheSquire/GDS210.3-Alternate-Realities/Project3_VR/Saved/Config/Windows/Scalability.ini]
[2020.04.03-07.40.16:702][  0]LogConfig: Setting CVar [[r.TranslucencyLightingVolumeDim:4]]
[2020.04.03-07.40.16:702][  0]LogConfig: Setting CVar [[r.RefractionQuality:2]]
[2020.04.03-07.40.16:702][  0]LogConfig: Setting CVar [[r.SSR.Quality:0]]
[2020.04.03-07.40.16:702][  0]LogConfig: Setting CVar [[r.SceneColorFormat:2]]
[2020.04.03-07.40.16:702][  0]LogConfig: Setting CVar [[r.DetailMode:2]]
[2020.04.03-07.40.16:702][  0]LogConfig: Setting CVar [[r.TranslucencyVolumeBlur:0]]
[2020.04.03-07.40.16:702][  0]LogConfig: Setting CVar [[r.MaterialQualityLevel:1 ; High quality]]
[2020.04.03-07.40.16:702][  0]LogConfig: Setting CVar [[r.SSS.Scale:1]]
[2020.04.03-07.40.16:702][  0]LogConfig: Setting CVar [[r.SSS.SampleSet:2]]
[2020.04.03-07.40.16:702][  0]LogConfig: Setting CVar [[r.SSS.Quality:1]]
[2020.04.03-07.40.16:702][  0]LogConfig: Setting CVar [[r.SSS.HalfRes:1]]
[2020.04.03-07.40.16:702][  0]LogConfig: Setting CVar [[r.EmitterSpawnRateScale:1.0]]
[2020.04.03-07.40.16:702][  0]LogConfig: Setting CVar [[r.ParticleLightQuality:2]]
[2020.04.03-07.40.16:702][  0]LogConfig: Applying CVar settings from Section [FoliageQuality@3] File [E:/TheSquire/GDS210.3-Alternate-Realities/Project3_VR/Saved/Config/Windows/Scalability.ini]
[2020.04.03-07.40.16:702][  0]LogConfig: Setting CVar [[foliage.DensityScale:1.0]]
[2020.04.03-07.40.16:702][  0]LogConfig: Setting CVar [[grass.DensityScale:1.0]]
[2020.04.03-07.40.16:702][  0]LogInit: Selected Device Profile: [Windows]
[2020.04.03-07.40.16:702][  0]LogInit: Applying CVar settings loaded from the selected device profile: [Windows]
[2020.04.03-07.40.16:712][  0]LogHAL: Display: Platform has ~ 16 GB [17122951168 / 17179869184 / 16], which maps to Larger [LargestMinGB=32, LargerMinGB=12, DefaultMinGB=8, SmallerMinGB=6, SmallestMinGB=0)
[2020.04.03-07.40.16:712][  0]LogConfig: Setting CVar [[r.Vulkan.UseRealUBs:0		; Required until we fix HLR fall-out]]
[2020.04.03-07.40.16:712][  0]LogInit: Going up to parent DeviceProfile []
[2020.04.03-07.40.16:712][  0]LogConfig: Applying CVar settings from Section [ViewDistanceQuality@3] File [E:/TheSquire/GDS210.3-Alternate-Realities/Project3_VR/Saved/Config/Windows/Scalability.ini]
[2020.04.03-07.40.16:712][  0]LogConfig: Setting CVar [[r.SkeletalMeshLODBias:0]]
[2020.04.03-07.40.16:712][  0]LogConfig: Setting CVar [[r.ViewDistanceScale:1.0]]
[2020.04.03-07.40.16:712][  0]LogConfig: Applying CVar settings from Section [AntiAliasingQuality@3] File [E:/TheSquire/GDS210.3-Alternate-Realities/Project3_VR/Saved/Config/Windows/Scalability.ini]
[2020.04.03-07.40.16:712][  0]LogConfig: Setting CVar [[r.PostProcessAAQuality:3]]
[2020.04.03-07.40.16:712][  0]LogConfig: Applying CVar settings from Section [ShadowQuality@3] File [E:/TheSquire/GDS210.3-Alternate-Realities/Project3_VR/Saved/Config/Windows/Scalability.ini]
[2020.04.03-07.40.16:712][  0]LogConfig: Setting CVar [[r.LightFunctionQuality:1]]
[2020.04.03-07.40.16:712][  0]LogConfig: Setting CVar [[r.ShadowQuality:5]]
[2020.04.03-07.40.16:712][  0]LogConfig: Setting CVar [[r.Shadow.CSM.MaxCascades:10]]
[2020.04.03-07.40.16:712][  0]LogConfig: Setting CVar [[r.Shadow.MaxResolution:2048]]
[2020.04.03-07.40.16:713][  0]LogConfig: Setting CVar [[r.Shadow.MaxCSMResolution:2048]]
[2020.04.03-07.40.16:713][  0]LogConfig: Setting CVar [[r.Shadow.RadiusThreshold:0.01]]
[2020.04.03-07.40.16:713][  0]LogConfig: Setting CVar [[r.Shadow.DistanceScale:1.0]]
[2020.04.03-07.40.16:713][  0]LogConfig: Setting CVar [[r.Shadow.CSM.TransitionScale:1.0]]
[2020.04.03-07.40.16:713][  0]LogConfig: Setting CVar [[r.Shadow.PreShadowResolutionFactor:1.0]]
[2020.04.03-07.40.16:713][  0]LogConfig: Setting CVar [[r.DistanceFieldShadowing:1]]
[2020.04.03-07.40.16:713][  0]LogConfig: Setting CVar [[r.DistanceFieldAO:1]]
[2020.04.03-07.40.16:713][  0]LogConfig: Setting CVar [[r.AOQuality:2]]
[2020.04.03-07.40.16:713][  0]LogConfig: Setting CVar [[r.VolumetricFog:1]]
[2020.04.03-07.40.16:713][  0]LogConfig: Setting CVar [[r.VolumetricFog.GridPixelSize:8]]
[2020.04.03-07.40.16:713][  0]LogConfig: Setting CVar [[r.VolumetricFog.GridSizeZ:128]]
[2020.04.03-07.40.16:713][  0]LogConfig: Setting CVar [[r.VolumetricFog.HistoryMissSupersampleCount:4]]
[2020.04.03-07.40.16:713][  0]LogConfig: Setting CVar [[r.LightMaxDrawDistanceScale:1]]
[2020.04.03-07.40.16:713][  0]LogConfig: Setting CVar [[r.CapsuleShadows:1]]
[2020.04.03-07.40.16:713][  0]LogConfig: Applying CVar settings from Section [PostProcessQuality@3] File [E:/TheSquire/GDS210.3-Alternate-Realities/Project3_VR/Saved/Config/Windows/Scalability.ini]
[2020.04.03-07.40.16:713][  0]LogConfig: Setting CVar [[r.MotionBlurQuality:0]]
[2020.04.03-07.40.16:713][  0]LogConfig: Setting CVar [[r.AmbientOcclusionMipLevelFactor:0.4]]
[2020.04.03-07.40.16:713][  0]LogConfig: Setting CVar [[r.AmbientOcclusionMaxQuality:100]]
[2020.04.03-07.40.16:713][  0]LogConfig: Setting CVar [[r.AmbientOcclusionLevels:0]]
[2020.04.03-07.40.16:713][  0]LogConfig: Setting CVar [[r.AmbientOcclusionRadiusScale:1.0]]
[2020.04.03-07.40.16:713][  0]LogConfig: Setting CVar [[r.DepthOfFieldQuality:0]]
[2020.04.03-07.40.16:713][  0]LogConfig: Setting CVar [[r.RenderTargetPoolMin:400]]
[2020.04.03-07.40.16:713][  0]LogConfig: Setting CVar [[r.LensFlareQuality:0]]
[2020.04.03-07.40.16:713][  0]LogConfig: Setting CVar [[r.SceneColorFringeQuality:0]]
[2020.04.03-07.40.16:713][  0]LogConfig: Setting CVar [[r.EyeAdaptationQuality:2]]
[2020.04.03-07.40.16:713][  0]LogConfig: Setting CVar [[r.BloomQuality:1]]
[2020.04.03-07.40.16:713][  0]LogConfig: Setting CVar [[r.FastBlurThreshold:0]]
[2020.04.03-07.40.16:713][  0]LogConfig: Setting CVar [[r.Upscale.Quality:3]]
[2020.04.03-07.40.16:713][  0]LogConfig: Setting CVar [[r.Tonemapper.GrainQuantization:1]]
[2020.04.03-07.40.16:713][  0]LogConfig: Setting CVar [[r.LightShaftQuality:1]]
[2020.04.03-07.40.16:713][  0]LogConfig: Setting CVar [[r.Filter.SizeScale:1]]
[2020.04.03-07.40.16:713][  0]LogConfig: Setting CVar [[r.Tonemapper.Quality:5]]
[2020.04.03-07.40.16:713][  0]LogConfig: Setting CVar [[r.DOF.Gather.AccumulatorQuality:1        ; higher gathering accumulator quality]]
[2020.04.03-07.40.16:713][  0]LogConfig: Setting CVar [[r.DOF.Gather.PostfilterMethod:1          ; Median3x3 postfilering method]]
[2020.04.03-07.40.16:713][  0]LogConfig: Setting CVar [[r.DOF.Gather.EnableBokehSettings:0       ; no bokeh simulation when gathering]]
[2020.04.03-07.40.16:713][  0]LogConfig: Setting CVar [[r.DOF.Gather.RingCount:4                 ; medium number of samples when gathering]]
[2020.04.03-07.40.16:713][  0]LogConfig: Setting CVar [[r.DOF.Scatter.ForegroundCompositing:1    ; additive foreground scattering]]
[2020.04.03-07.40.16:713][  0]LogConfig: Setting CVar [[r.DOF.Scatter.BackgroundCompositing:2    ; additive background scattering]]
[2020.04.03-07.40.16:713][  0]LogConfig: Setting CVar [[r.DOF.Scatter.EnableBokehSettings:1      ; bokeh simulation when scattering]]
[2020.04.03-07.40.16:713][  0]LogConfig: Setting CVar [[r.DOF.Scatter.MaxSpriteRatio:0.1         ; only a maximum of 10% of scattered bokeh]]
[2020.04.03-07.40.16:713][  0]LogConfig: Setting CVar [[r.DOF.Recombine.Quality:1                ; cheap slight out of focus]]
[2020.04.03-07.40.16:713][  0]LogConfig: Setting CVar [[r.DOF.Recombine.EnableBokehSettings:0    ; no bokeh simulation on slight out of focus]]
[2020.04.03-07.40.16:713][  0]LogConfig: Setting CVar [[r.DOF.TemporalAAQuality:1                ; more stable temporal accumulation]]
[2020.04.03-07.40.16:713][  0]LogConfig: Setting CVar [[r.DOF.Kernel.MaxForegroundRadius:0.025]]
[2020.04.03-07.40.16:713][  0]LogConfig: Setting CVar [[r.DOF.Kernel.MaxBackgroundRadius:0.025]]
[2020.04.03-07.40.16:713][  0]LogConfig: Applying CVar settings from Section [TextureQuality@3] File [E:/TheSquire/GDS210.3-Alternate-Realities/Project3_VR/Saved/Config/Windows/Scalability.ini]
[2020.04.03-07.40.16:713][  0]LogConfig: Setting CVar [[r.Streaming.MipBias:0]]
[2020.04.03-07.40.16:713][  0]LogConfig: Setting CVar [[r.Streaming.AmortizeCPUToGPUCopy:0]]
[2020.04.03-07.40.16:713][  0]LogConfig: Setting CVar [[r.Streaming.MaxNumTexturesToStreamPerFrame:0]]
[2020.04.03-07.40.16:713][  0]LogConfig: Setting CVar [[r.Streaming.Boost:1]]
[2020.04.03-07.40.16:713][  0]LogConfig: Setting CVar [[r.MaxAnisotropy:8]]
[2020.04.03-07.40.16:713][  0]LogConfig: Setting CVar [[r.Streaming.LimitPoolSizeToVRAM:0]]
[2020.04.03-07.40.16:713][  0]LogConfig: Setting CVar [[r.Streaming.PoolSize:1000]]
[2020.04.03-07.40.16:713][  0]LogConfig: Setting CVar [[r.Streaming.MaxEffectiveScreenSize:0]]
[2020.04.03-07.40.16:713][  0]LogConfig: Applying CVar settings from Section [EffectsQuality@3] File [E:/TheSquire/GDS210.3-Alternate-Realities/Project3_VR/Saved/Config/Windows/Scalability.ini]
[2020.04.03-07.40.16:713][  0]LogConfig: Setting CVar [[r.TranslucencyLightingVolumeDim:4]]
[2020.04.03-07.40.16:713][  0]LogConfig: Setting CVar [[r.RefractionQuality:2]]
[2020.04.03-07.40.16:713][  0]LogConfig: Setting CVar [[r.SSR.Quality:0]]
[2020.04.03-07.40.16:713][  0]LogConfig: Setting CVar [[r.SceneColorFormat:2]]
[2020.04.03-07.40.16:713][  0]LogConfig: Setting CVar [[r.DetailMode:2]]
[2020.04.03-07.40.16:713][  0]LogConfig: Setting CVar [[r.TranslucencyVolumeBlur:0]]
[2020.04.03-07.40.16:713][  0]LogConfig: Setting CVar [[r.MaterialQualityLevel:1 ; High quality]]
[2020.04.03-07.40.16:713][  0]LogConfig: Setting CVar [[r.SSS.Scale:1]]
[2020.04.03-07.40.16:713][  0]LogConfig: Setting CVar [[r.SSS.SampleSet:2]]
[2020.04.03-07.40.16:713][  0]LogConfig: Setting CVar [[r.SSS.Quality:1]]
[2020.04.03-07.40.16:713][  0]LogConfig: Setting CVar [[r.SSS.HalfRes:1]]
[2020.04.03-07.40.16:713][  0]LogConfig: Setting CVar [[r.EmitterSpawnRateScale:1.0]]
[2020.04.03-07.40.16:713][  0]LogConfig: Setting CVar [[r.ParticleLightQuality:2]]
[2020.04.03-07.40.16:713][  0]LogConfig: Applying CVar settings from Section [FoliageQuality@3] File [E:/TheSquire/GDS210.3-Alternate-Realities/Project3_VR/Saved/Config/Windows/Scalability.ini]
[2020.04.03-07.40.16:713][  0]LogConfig: Setting CVar [[foliage.DensityScale:1.0]]
[2020.04.03-07.40.16:713][  0]LogConfig: Setting CVar [[grass.DensityScale:1.0]]
[2020.04.03-07.40.16:713][  0]LogConfig: Applying CVar settings from Section [Startup] File [../../../Engine/Config/ConsoleVariables.ini]
[2020.04.03-07.40.16:713][  0]LogConfig: Setting CVar [[net.UseAdaptiveNetUpdateFrequency:0]]
[2020.04.03-07.40.16:713][  0]LogConfig: Setting CVar [[p.chaos.AllowCreatePhysxBodies:1]]
[2020.04.03-07.40.16:713][  0]LogConfig: Applying CVar settings from Section [ConsoleVariables] File [E:/TheSquire/GDS210.3-Alternate-Realities/Project3_VR/Saved/Config/Windows/Engine.ini]
[2020.04.03-07.40.16:713][  0]LogInit: Computer: SPIKESPC
[2020.04.03-07.40.16:713][  0]LogInit: User: mike
[2020.04.03-07.40.16:713][  0]LogInit: CPU Page size=4096, Cores=6
[2020.04.03-07.40.16:713][  0]LogInit: High frequency timer resolution =10.000000 MHz
[2020.04.03-07.40.16:714][  0]LogMemory: Memory total: Physical=15.9GB (16GB approx)
[2020.04.03-07.40.16:714][  0]LogMemory: Platform Memory Stats for Windows
[2020.04.03-07.40.16:714][  0]LogMemory: Process Physical Memory: 97.86 MB used, 97.86 MB peak
[2020.04.03-07.40.16:714][  0]LogMemory: Process Virtual Memory: 89.93 MB used, 89.93 MB peak
[2020.04.03-07.40.16:714][  0]LogMemory: Physical Memory: 8467.21 MB used,  7862.51 MB free, 16329.72 MB total
[2020.04.03-07.40.16:714][  0]LogMemory: Virtual Memory: 4660.70 MB used,  134213064.00 MB free, 134217728.00 MB total
[2020.04.03-07.40.16:731][  0]LogInit: Using OS detected language (en-US).
[2020.04.03-07.40.16:731][  0]LogInit: Using OS detected locale (en-AU).
[2020.04.03-07.40.16:732][  0]LogTextLocalizationManager: No specific localization for 'en-US' exists, so the 'en' localization will be used.
[2020.04.03-07.40.16:880][  0]LogInit: Setting process to per monitor DPI aware
[2020.04.03-07.40.16:921][  0]LogSlate: New Slate User Created.  User Index 0, Is Virtual User: 0
[2020.04.03-07.40.16:921][  0]LogSlate: Slate User Registered.  User Index 0, Is Virtual User: 0
[2020.04.03-07.40.17:658][  0]LogD3D11RHI: D3D11 adapters:
[2020.04.03-07.40.17:715][  0]LogD3D11RHI:    0. 'NVIDIA GeForce GTX 1070' (Feature Level 11_0)
[2020.04.03-07.40.17:715][  0]LogD3D11RHI:       8088/0/8164 MB DedicatedVideo/DedicatedSystem/SharedSystem, Outputs:1, VendorId:0x10de
[2020.04.03-07.40.17:718][  0]LogD3D11RHI:    1. 'Microsoft Basic Render Driver' (Feature Level 11_0)
[2020.04.03-07.40.17:718][  0]LogD3D11RHI:       0/0/8164 MB DedicatedVideo/DedicatedSystem/SharedSystem, Outputs:0, VendorId:0x1414
[2020.04.03-07.40.17:718][  0]LogD3D11RHI: Chosen D3D11 Adapter: 0
[2020.04.03-07.40.17:726][  0]LogD3D11RHI: Creating new Direct3DDevice
[2020.04.03-07.40.17:726][  0]LogD3D11RHI:     GPU DeviceId: 0x1b81 (for the marketing name, search the web for "GPU Device Id")
[2020.04.03-07.40.17:726][  0]LogWindows: EnumDisplayDevices:
[2020.04.03-07.40.17:726][  0]LogWindows:    0. 'NVIDIA GeForce GTX 1070' (P:1 D:1)
[2020.04.03-07.40.17:727][  0]LogWindows:    1. 'NVIDIA GeForce GTX 1070' (P:0 D:0)
[2020.04.03-07.40.17:727][  0]LogWindows:    2. 'NVIDIA GeForce GTX 1070' (P:0 D:0)
[2020.04.03-07.40.17:727][  0]LogWindows:    3. 'NVIDIA GeForce GTX 1070' (P:0 D:0)
[2020.04.03-07.40.17:727][  0]LogWindows: DebugString: FoundDriverCount:4 
[2020.04.03-07.40.17:727][  0]LogD3D11RHI:     Adapter Name: NVIDIA GeForce GTX 1070
[2020.04.03-07.40.17:727][  0]LogD3D11RHI:   Driver Version: 442.19 (internal:26.21.14.4219, unified:442.19)
[2020.04.03-07.40.17:727][  0]LogD3D11RHI:      Driver Date: 1-29-2020
[2020.04.03-07.40.17:727][  0]LogRHI: Texture pool is 5661 MB (70% of 8088 MB)
[2020.04.03-07.40.17:764][  0]LogD3D11RHI: Async texture creation enabled
[2020.04.03-07.40.17:770][  0]LogRendererCore: FGlobalReadBuffer::InitRHI
[2020.04.03-07.40.17:771][  0]LogRendererCore: FGlobalReadBuffer::InitRHI
[2020.04.03-07.40.17:771][  0]LogRendererCore: FGlobalReadBuffer::InitRHI
[2020.04.03-07.40.17:778][  0]LogD3D11RHI: GPU Timing Frequency: 1000.000000 (Debug: 2 1)
[2020.04.03-07.40.18:042][  0]LogTemp: Display: Module 'AllDesktopTargetPlatform' loaded TargetPlatform 'AllDesktop'
[2020.04.03-07.40.18:054][  0]LogTemp: Display: Module 'MacClientTargetPlatform' loaded TargetPlatform 'MacClient'
[2020.04.03-07.40.18:066][  0]LogTemp: Display: Module 'MacNoEditorTargetPlatform' loaded TargetPlatform 'MacNoEditor'
[2020.04.03-07.40.18:076][  0]LogTemp: Display: Module 'MacServerTargetPlatform' loaded TargetPlatform 'MacServer'
[2020.04.03-07.40.18:087][  0]LogTemp: Display: Module 'MacTargetPlatform' loaded TargetPlatform 'Mac'
[2020.04.03-07.40.18:098][  0]LogTemp: Display: Module 'WindowsClientTargetPlatform' loaded TargetPlatform 'WindowsClient'
[2020.04.03-07.40.18:110][  0]LogTemp: Display: Module 'WindowsNoEditorTargetPlatform' loaded TargetPlatform 'WindowsNoEditor'
[2020.04.03-07.40.18:121][  0]LogTemp: Display: Module 'WindowsServerTargetPlatform' loaded TargetPlatform 'WindowsServer'
[2020.04.03-07.40.18:125][  0]LogTemp: Display: Module 'WindowsTargetPlatform' loaded TargetPlatform 'Windows'
[2020.04.03-07.40.18:193][  0]LogTemp: Display: Module 'AndroidTargetPlatform' loaded TargetPlatform 'Android'
[2020.04.03-07.40.18:193][  0]LogTemp: Display: Module 'AndroidTargetPlatform' loaded TargetPlatform 'Android_ASTC'
[2020.04.03-07.40.18:193][  0]LogTemp: Display: Module 'AndroidTargetPlatform' loaded TargetPlatform 'Android_ATC'
[2020.04.03-07.40.18:193][  0]LogTemp: Display: Module 'AndroidTargetPlatform' loaded TargetPlatform 'Android_DXT'
[2020.04.03-07.40.18:193][  0]LogTemp: Display: Module 'AndroidTargetPlatform' loaded TargetPlatform 'Android_ETC1'
[2020.04.03-07.40.18:193][  0]LogTemp: Display: Module 'AndroidTargetPlatform' loaded TargetPlatform 'Android_ETC1a'
[2020.04.03-07.40.18:193][  0]LogTemp: Display: Module 'AndroidTargetPlatform' loaded TargetPlatform 'Android_ETC2'
[2020.04.03-07.40.18:193][  0]LogTemp: Display: Module 'AndroidTargetPlatform' loaded TargetPlatform 'Android_PVRTC'
[2020.04.03-07.40.18:193][  0]LogTemp: Display: Module 'AndroidTargetPlatform' loaded TargetPlatform 'AndroidClient'
[2020.04.03-07.40.18:193][  0]LogTemp: Display: Module 'AndroidTargetPlatform' loaded TargetPlatform 'Android_ASTCClient'
[2020.04.03-07.40.18:193][  0]LogTemp: Display: Module 'AndroidTargetPlatform' loaded TargetPlatform 'Android_ATCClient'
[2020.04.03-07.40.18:193][  0]LogTemp: Display: Module 'AndroidTargetPlatform' loaded TargetPlatform 'Android_DXTClient'
[2020.04.03-07.40.18:193][  0]LogTemp: Display: Module 'AndroidTargetPlatform' loaded TargetPlatform 'Android_ETC1Client'
[2020.04.03-07.40.18:193][  0]LogTemp: Display: Module 'AndroidTargetPlatform' loaded TargetPlatform 'Android_ETC1aClient'
[2020.04.03-07.40.18:193][  0]LogTemp: Display: Module 'AndroidTargetPlatform' loaded TargetPlatform 'Android_ETC2Client'
[2020.04.03-07.40.18:193][  0]LogTemp: Display: Module 'AndroidTargetPlatform' loaded TargetPlatform 'Android_PVRTCClient'
[2020.04.03-07.40.18:193][  0]LogTemp: Display: Module 'AndroidTargetPlatform' loaded TargetPlatform 'Android_Multi'
[2020.04.03-07.40.18:193][  0]LogTemp: Display: Module 'AndroidTargetPlatform' loaded TargetPlatform 'Android_MultiClient'
[2020.04.03-07.40.18:195][  0]LogTemp: Display: Module 'HTML5TargetPlatform' loaded TargetPlatform 'HTML5'
[2020.04.03-07.40.18:236][  0]LogTemp: Display: Module 'IOSTargetPlatform' loaded TargetPlatform 'IOSClient'
[2020.04.03-07.40.18:236][  0]LogTemp: Display: Module 'IOSTargetPlatform' loaded TargetPlatform 'IOS'
[2020.04.03-07.40.18:256][  0]LogTemp: Display: Module 'TVOSTargetPlatform' loaded TargetPlatform 'TVOSClient'
[2020.04.03-07.40.18:256][  0]LogTemp: Display: Module 'TVOSTargetPlatform' loaded TargetPlatform 'TVOS'
[2020.04.03-07.40.18:267][  0]LogTemp: Display: Module 'LinuxClientTargetPlatform' loaded TargetPlatform 'LinuxClient'
[2020.04.03-07.40.18:277][  0]LogTemp: Display: Module 'LinuxNoEditorTargetPlatform' loaded TargetPlatform 'LinuxNoEditor'
[2020.04.03-07.40.18:287][  0]LogTemp: Display: Module 'LinuxServerTargetPlatform' loaded TargetPlatform 'LinuxServer'
[2020.04.03-07.40.18:299][  0]LogTemp: Display: Module 'LinuxTargetPlatform' loaded TargetPlatform 'Linux'
[2020.04.03-07.40.18:333][  0]LogTemp: Display: Module 'LuminTargetPlatform' loaded TargetPlatform 'Lumin'
[2020.04.03-07.40.18:333][  0]LogTemp: Display: Module 'LuminTargetPlatform' loaded TargetPlatform 'LuminClient'
[2020.04.03-07.40.18:333][  0]LogTargetPlatformManager: Display: Building Assets For Windows
[2020.04.03-07.40.18:338][  0]LogAudioDebug: Display: Lib vorbis DLL was dynamically loaded.
[2020.04.03-07.40.18:368][  0]LogShaderCompilers: Guid format shader working directory is -20 characters bigger than the processId version (../../../../../TheSquire/GDS210.3-Alternate-Realities/Project3_VR/Intermediate/Shaders/WorkingDirectory/19816/).
[2020.04.03-07.40.18:368][  0]LogShaderCompilers: Cleaned the shader compiler working directory 'C:/Users/mikeb/AppData/Local/Temp/UnrealShaderWorkingDir/2A5199F644DBD97AB45274BC0531C40C/'.
[2020.04.03-07.40.18:369][  0]LogXGEController: Cleaning working directory: C:/Users/mikeb/AppData/Local/Temp/UnrealXGEWorkingDir/
[2020.04.03-07.40.18:369][  0]LogXGEController: Cannot use XGE Controller as Incredibuild is not installed on this machine.
[2020.04.03-07.40.18:369][  0]LogShaderCompilers: Cannot use XGE Shader Compiler as Incredibuild is not installed on this machine.
[2020.04.03-07.40.18:369][  0]LogShaderCompilers: Display: Using Local Shader Compiler.
[2020.04.03-07.40.18:847][  0]LogDerivedDataCache: Display: Max Cache Size: 512 MB
[2020.04.03-07.40.18:891][  0]LogDerivedDataCache: Loaded boot cache 0.04s 72MB C:/Users/mikeb/AppData/Local/UnrealEngine/4.22/DerivedDataCache/Boot.ddc.
[2020.04.03-07.40.18:891][  0]LogDerivedDataCache: Display: Loaded Boot cache: C:/Users/mikeb/AppData/Local/UnrealEngine/4.22/DerivedDataCache/Boot.ddc
[2020.04.03-07.40.18:892][  0]LogDerivedDataCache: FDerivedDataBackendGraph:  Pak pak cache file ../../../../../TheSquire/GDS210.3-Alternate-Realities/Project3_VR/DerivedDataCache/DDC.ddp not found, will not use a pak cache.
[2020.04.03-07.40.18:892][  0]LogDerivedDataCache: Unable to find inner node Pak for hierarchical cache Hierarchy.
[2020.04.03-07.40.18:892][  0]LogDerivedDataCache: FDerivedDataBackendGraph:  CompressedPak pak cache file ../../../../../TheSquire/GDS210.3-Alternate-Realities/Project3_VR/DerivedDataCache/Compressed.ddp not found, will not use a pak cache.
[2020.04.03-07.40.18:892][  0]LogDerivedDataCache: Unable to find inner node CompressedPak for hierarchical cache Hierarchy.
[2020.04.03-07.40.18:902][  0]LogDerivedDataCache: Display: Pak cache opened for reading ../../../Engine/DerivedDataCache/Compressed.ddp.
[2020.04.03-07.40.18:902][  0]LogDerivedDataCache: FDerivedDataBackendGraph:  EnterprisePak pak cache file ../../../Enterprise/DerivedDataCache/Compressed.ddp not found, will not use a pak cache.
[2020.04.03-07.40.18:902][  0]LogDerivedDataCache: Unable to find inner node EnterprisePak for hierarchical cache Hierarchy.
[2020.04.03-07.40.18:914][  0]LogDerivedDataCache: Using Local data cache path C:/Users/mikeb/AppData/Local/UnrealEngine/Common/DerivedDataCache: Writable
[2020.04.03-07.40.18:914][  0]LogDerivedDataCache: Shared data cache path not found in *engine.ini, will not use an Shared cache.
[2020.04.03-07.40.18:914][  0]LogDerivedDataCache: Unable to find inner node Shared for hierarchical cache Hierarchy.
[2020.04.03-07.40.18:934][  0]LogMaterial: Verifying Global Shaders for PCD3D_SM5
[2020.04.03-07.40.18:935][  0]LogSlate: Using FreeType 2.6.0
[2020.04.03-07.40.18:935][  0]LogSlate: SlateFontServices - WITH_FREETYPE: 1, WITH_HARFBUZZ: 1
[2020.04.03-07.40.19:005][  0]LogAssetRegistry: FAssetRegistry took 0.0310 seconds to start up
[2020.04.03-07.40.19:271][  0]LogInit: Selected Device Profile: [Windows]
[2020.04.03-07.40.19:379][  0]LogMeshReduction: Using QuadricMeshReduction for automatic static mesh reduction
[2020.04.03-07.40.19:379][  0]LogMeshReduction: Using SimplygonMeshReduction for automatic skeletal mesh reduction
[2020.04.03-07.40.19:379][  0]LogMeshReduction: Using ProxyLODMeshReduction for automatic mesh merging
[2020.04.03-07.40.19:379][  0]LogMeshReduction: No distributed automatic mesh merging module available
[2020.04.03-07.40.19:379][  0]LogMeshMerging: No distributed automatic mesh merging module available
[2020.04.03-07.40.19:387][  0]LogNetVersion: Project3_VR 1.0.0, NetCL: 5660361, EngineNetVer: 10, GameNetVer: 0 (Checksum: 867328552)
[2020.04.03-07.40.19:723][  0]LogPackageLocalizationCache: Processed 12 localized package path(s) for 1 prioritized culture(s) in 0.037694 seconds
[2020.04.03-07.40.19:729][  0]LogUObjectArray: 42205 objects as part of root set at end of initial load.
[2020.04.03-07.40.19:729][  0]LogUObjectAllocator: 7325032 out of 0 bytes used by permanent object pool.
[2020.04.03-07.40.19:729][  0]LogUObjectArray: CloseDisregardForGC: 0/0 objects in disregard for GC pool
[2020.04.03-07.40.21:202][  0]LogTcpMessaging: Initializing TcpMessaging bridge
[2020.04.03-07.40.21:214][  0]LogUdpMessaging: Initializing bridge on interface 0.0.0.0:0 to multicast group 230.0.0.1:6666.
[2020.04.03-07.40.21:322][  0]SourceControl: Source control is disabled
[2020.04.03-07.40.21:322][  0]SourceControl: Source control is disabled
[2020.04.03-07.40.21:323][  0]SourceControl: Source control is disabled
[2020.04.03-07.40.21:324][  0]SourceControl: Source control is disabled
[2020.04.03-07.40.21:426][  0]LogAndroidPermission: UAndroidPermissionCallbackProxy::GetInstance
[2020.04.03-07.40.21:557][  0]LogOcInput: OculusInput pre-init called
[2020.04.03-07.40.22:912][  0]LogEngine: Initializing Engine...
[2020.04.03-07.40.22:913][  0]LogHMD: SteamVR initialized.  Driver: lighthouse  Display: LHR-69584F10
[2020.04.03-07.40.22:914][  0]LogStats: UGameplayTagsManager::InitializeManager -  0.000 s
[2020.04.03-07.40.23:098][  0]LogInit: Initializing FReadOnlyCVARCache
[2020.04.03-07.40.23:112][  0]LogAIModule: Creating AISystem for world Untitled
[2020.04.03-07.40.23:153][  0]LogInit: XAudio2 using 'Headset Earphone (Corsair VOID PRO USB Gaming Headset)' : 6 channels at 48 kHz using 16 bits per sample (channel mask 0x3f)
[2020.04.03-07.40.23:166][  0]LogInit: FAudioDevice initialized.
[2020.04.03-07.40.23:166][  0]LogNetVersion: Set ProjectVersion to 1.0.0.0. Version Checksum will be recalculated on next use.
[2020.04.03-07.40.23:299][  0]LogDerivedDataCache: Saved boot cache 0.13s 72MB C:/Users/mikeb/AppData/Local/UnrealEngine/4.22/DerivedDataCache/Boot.ddc.
[2020.04.03-07.40.23:310][  0]LogInit: Texture streaming: Enabled
[2020.04.03-07.40.23:321][  0]LogEngineSessionManager: EngineSessionManager initialized
[2020.04.03-07.40.23:336][  0]LogInit: Transaction tracking system initialized
[2020.04.03-07.40.23:352][  0]BlueprintLog: New page: Editor Load
[2020.04.03-07.40.23:408][  0]LocalizationService: Localization service is disabled
[2020.04.03-07.40.23:633][  0]LogFileCache: Scanning file cache for directory 'E:/TheSquire/GDS210.3-Alternate-Realities/Project3_VR/Content/' took 0.01s
[2020.04.03-07.40.23:633][  0]LogCook: Display: Max memory allowance for cook 16384mb min free memory 0mb
[2020.04.03-07.40.23:633][  0]LogCook: Display: Mobile HDR setting 1
[2020.04.03-07.40.23:762][  0]SourceControl: Source control is disabled
[2020.04.03-07.40.23:762][  0]Cmd: MAP LOAD FILE="../../../../../TheSquire/GDS210.3-Alternate-Realities/Project3_VR/Content/HubWorld/HubWorld.umap" TEMPLATE=0 SHOWPROGRESS=1 FEATURELEVEL=3
[2020.04.03-07.40.23:763][  0]LightingResults: New page: Lighting Build
[2020.04.03-07.40.23:765][  0]MapCheck: New page: Map Check
[2020.04.03-07.40.23:765][  0]LightingResults: New page: Lighting Build
[2020.04.03-07.40.23:787][  0]LogUObjectHash: Compacting FUObjectHashTables data took   1.29ms
[2020.04.03-07.40.24:092][  0]LogAIModule: Creating AISystem for world HubWorld
[2020.04.03-07.40.24:106][  0]LogEditorServer: Finished looking for orphan Actors (0.000 secs)
[2020.04.03-07.40.24:134][  0]LogUObjectHash: Compacting FUObjectHashTables data took   2.67ms
[2020.04.03-07.40.24:134][  0]Cmd: MAP CHECKDEP NOCLEARLOG
[2020.04.03-07.40.24:134][  0]MapCheck: Map check complete: 0 Error(s), 0 Warning(s), took 0.075ms to complete.
[2020.04.03-07.40.24:134][  0]LogFileHelpers: Loading map 'HubWorld' took 0.372
[2020.04.03-07.40.24:247][  0]LogSlate: Updating window title bar state: overlay mode, drag disabled, window buttons hidden, title bar hidden
[2020.04.03-07.40.24:254][  0]LogSlate: Updating window title bar state: overlay mode, drag disabled, window buttons hidden, title bar hidden
[2020.04.03-07.40.24:263][  0]LogSlate: Updating window title bar state: overlay mode, drag disabled, window buttons hidden, title bar hidden
[2020.04.03-07.40.24:269][  0]LogSlate: Updating window title bar state: overlay mode, drag disabled, window buttons hidden, title bar hidden
[2020.04.03-07.40.24:272][  0]LogCollectionManager: Loaded 0 collections in 0.000602 seconds
[2020.04.03-07.40.24:286][  0]LogFileCache: Scanning file cache for directory 'E:/TheSquire/GDS210.3-Alternate-Realities/Project3_VR/Saved/Collections/' took 0.01s
[2020.04.03-07.40.24:287][  0]LogFileCache: Scanning file cache for directory 'E:/TheSquire/GDS210.3-Alternate-Realities/Project3_VR/Content/Developers/mike/Collections/' took 0.00s
[2020.04.03-07.40.24:287][  0]LogFileCache: Scanning file cache for directory 'E:/TheSquire/GDS210.3-Alternate-Realities/Project3_VR/Content/Collections/' took 0.00s
[2020.04.03-07.40.24:287][  0]LogCollectionManager: Rebuilt the GUID cache for 0 collections in 0.000000 seconds
[2020.04.03-07.40.24:294][  0]LogContentBrowser: Native class hierarchy populated in 0.0074 seconds. Added 2754 classes and 671 folders.
[2020.04.03-07.40.24:299][  0]LogContentBrowser: Native class hierarchy updated for 'WidgetCarousel' in 0.0003 seconds. Added 0 classes and 0 folders.
[2020.04.03-07.40.24:300][  0]LogPakFile: Registered encryption key '00000000000000000000000000000000': 0 pak files mounted, 0 remain pending
[2020.04.03-07.40.24:301][  0]LogPakFile: Registered encryption key '00000000000000000000000000000000': 0 pak files mounted, 0 remain pending
[2020.04.03-07.40.24:301][  0]LogPakFile: Registered encryption key '00000000000000000000000000000000': 0 pak files mounted, 0 remain pending
[2020.04.03-07.40.24:302][  0]LogPakFile: Registered encryption key '00000000000000000000000000000000': 0 pak files mounted, 0 remain pending
[2020.04.03-07.40.24:302][  0]LogPakFile: Registered encryption key '00000000000000000000000000000000': 0 pak files mounted, 0 remain pending
[2020.04.03-07.40.24:302][  0]LogPakFile: Registered encryption key '00000000000000000000000000000000': 0 pak files mounted, 0 remain pending
[2020.04.03-07.40.24:303][  0]LogPakFile: Registered encryption key '00000000000000000000000000000000': 0 pak files mounted, 0 remain pending
[2020.04.03-07.40.24:303][  0]LogPakFile: Registered encryption key '00000000000000000000000000000000': 0 pak files mounted, 0 remain pending
[2020.04.03-07.40.24:303][  0]LogPakFile: Registered encryption key '00000000000000000000000000000000': 0 pak files mounted, 0 remain pending
[2020.04.03-07.40.24:304][  0]LogPakFile: Registered encryption key '00000000000000000000000000000000': 0 pak files mounted, 0 remain pending
[2020.04.03-07.40.24:304][  0]LogPakFile: Registered encryption key '00000000000000000000000000000000': 0 pak files mounted, 0 remain pending
[2020.04.03-07.40.24:304][  0]LogPakFile: Registered encryption key '00000000000000000000000000000000': 0 pak files mounted, 0 remain pending
[2020.04.03-07.40.24:305][  0]LogPakFile: Registered encryption key '00000000000000000000000000000000': 0 pak files mounted, 0 remain pending
[2020.04.03-07.40.24:305][  0]LogPakFile: Registered encryption key '00000000000000000000000000000000': 0 pak files mounted, 0 remain pending
[2020.04.03-07.40.24:305][  0]LogPakFile: Registered encryption key '00000000000000000000000000000000': 0 pak files mounted, 0 remain pending
[2020.04.03-07.40.24:305][  0]LogPakFile: Registered encryption key '00000000000000000000000000000000': 0 pak files mounted, 0 remain pending
[2020.04.03-07.40.24:306][  0]LogPakFile: Registered encryption key '00000000000000000000000000000000': 0 pak files mounted, 0 remain pending
[2020.04.03-07.40.24:306][  0]LogPakFile: Registered encryption key '00000000000000000000000000000000': 0 pak files mounted, 0 remain pending
[2020.04.03-07.40.24:306][  0]LogPakFile: Registered encryption key '00000000000000000000000000000000': 0 pak files mounted, 0 remain pending
[2020.04.03-07.40.24:307][  0]LogPakFile: Registered encryption key '00000000000000000000000000000000': 0 pak files mounted, 0 remain pending
[2020.04.03-07.40.24:307][  0]LogPakFile: Registered encryption key '00000000000000000000000000000000': 0 pak files mounted, 0 remain pending
[2020.04.03-07.40.24:307][  0]LogPakFile: Registered encryption key '00000000000000000000000000000000': 0 pak files mounted, 0 remain pending
[2020.04.03-07.40.24:308][  0]LogPakFile: Registered encryption key '00000000000000000000000000000000': 0 pak files mounted, 0 remain pending
[2020.04.03-07.40.24:308][  0]LogPakFile: Registered encryption key '00000000000000000000000000000000': 0 pak files mounted, 0 remain pending
[2020.04.03-07.40.24:308][  0]LogPakFile: Registered encryption key '00000000000000000000000000000000': 0 pak files mounted, 0 remain pending
[2020.04.03-07.40.24:308][  0]LogPakFile: Registered encryption key '00000000000000000000000000000000': 0 pak files mounted, 0 remain pending
[2020.04.03-07.40.24:326][  0]LogContentBrowser: Native class hierarchy updated for 'AddContentDialog' in 0.0002 seconds. Added 0 classes and 0 folders.
[2020.04.03-07.40.24:380][  0]LogContentBrowser: Native class hierarchy updated for 'HierarchicalLODOutliner' in 0.0002 seconds. Added 0 classes and 0 folders.
[2020.04.03-07.40.24:380][  0]LogLoad: (Engine Initialization) Total time: 9.10 seconds
[2020.04.03-07.40.24:380][  0]LogLoad: (Engine Initialization) Total Blueprint compile time: 0.00 seconds
[2020.04.03-07.40.24:424][  0]LogAssetRegistry: Asset discovery search completed in 5.4407 seconds
[2020.04.03-07.40.24:427][  0]LogCollectionManager: Rebuilt the object cache for 0 collections in 0.000000 seconds (found 0 objects)
[2020.04.03-07.40.24:427][  0]LogCollectionManager: Fixed up redirectors for 0 collections in 0.000054 seconds (updated 0 objects)
[2020.04.03-07.40.24:428][  0]LogContentStreaming: Texture pool size now 1000 MB
[2020.04.03-07.40.24:436][  0]LogSlate: Took 0.000125 seconds to synchronously load lazily loaded font '../../../Engine/Content/Slate/Fonts/Roboto-Regular.ttf' (155K)
[2020.04.03-07.40.24:439][  0]LogSlate: Took 0.000139 seconds to synchronously load lazily loaded font '../../../Engine/Content/Slate/Fonts/Roboto-Bold.ttf' (160K)
[2020.04.03-07.40.24:440][  0]LogSlate: Took 0.000079 seconds to synchronously load lazily loaded font '../../../Engine/Content/Editor/Slate/Fonts/FontAwesome.ttf' (139K)
[2020.04.03-07.40.24:443][  0]LogSlate: Took 0.000094 seconds to synchronously load lazily loaded font '../../../Engine/Content/Slate/Fonts/Roboto-Light.ttf' (167K)
[2020.04.03-07.40.24:514][  0]LogSlate: Took 0.000104 seconds to synchronously load lazily loaded font '../../../Engine/Content/Slate/Fonts/Roboto-Light.ttf' (167K)
[2020.04.03-07.40.24:532][  0]LogRenderer: Reallocating scene render targets to support 1196x424 Format 26 NumSamples 1 (Frame:1).
[2020.04.03-07.40.30:772][721]LogSlate: FSceneViewport::OnFocusLost() reason 0
[2020.04.03-07.40.30:864][732]LogTemp: Repeating last play command: VR Preview
[2020.04.03-07.40.30:875][732]LogBlueprintUserMessages: Early PlayInEditor Detection: Level '/Game/HubWorld/HubWorld.HubWorld:PersistentLevel' has LevelScriptBlueprint '/Game/HubWorld/HubWorld.HubWorld:PersistentLevel.HubWorld' with GeneratedClass '/Game/HubWorld/HubWorld.HubWorld_C' with ClassGeneratedBy '/Game/HubWorld/HubWorld.HubWorld:PersistentLevel.HubWorld'
[2020.04.03-07.40.30:875][732]LogPlayLevel: PlayLevel: No blueprints needed recompiling
[2020.04.03-07.40.30:876][732]PIE: New page: PIE session: HubWorld (3 Apr 2020 11:40:30 pm)
[2020.04.03-07.40.30:888][732]LogPlayLevel: Creating play world package: /Game/HubWorld/UEDPIE_0_HubWorld
[2020.04.03-07.40.30:899][732]LogPlayLevel: PIE: StaticDuplicateObject took: (0.010798s)
[2020.04.03-07.40.30:899][732]LogAIModule: Creating AISystem for world HubWorld
[2020.04.03-07.40.30:899][732]LogPlayLevel: PIE: World Init took: (0.000428s)
[2020.04.03-07.40.30:899][732]LogPlayLevel: PIE: Created PIE world by copying editor world from /Game/HubWorld/HubWorld.HubWorld to /Game/HubWorld/UEDPIE_0_HubWorld.HubWorld (0.011428s)
[2020.04.03-07.40.30:922][732]LogUObjectHash: Compacting FUObjectHashTables data took   0.85ms
[2020.04.03-07.40.30:948][732]LogInit: XAudio2 using 'Headset Earphone (Corsair VOID PRO USB Gaming Headset)' : 6 channels at 48 kHz using 16 bits per sample (channel mask 0x3f)
[2020.04.03-07.40.30:955][732]LogInit: FAudioDevice initialized.
[2020.04.03-07.40.30:970][732]LogSlate: Updating window title bar state: overlay mode, drag disabled, window buttons hidden, title bar hidden
[2020.04.03-07.40.31:018][732]LogUObjectGlobals: Warning: Failed to find object 'Class None.'
[2020.04.03-07.40.31:018][732]LogLoad: Game class is 'GameModeBase'
[2020.04.03-07.40.31:021][732]LogWorld: Bringing World /Game/HubWorld/UEDPIE_0_HubWorld.HubWorld up for play (max tick rate 0) at 2020.04.03-15.40.31
[2020.04.03-07.40.31:022][732]LogWorld: Bringing up level for play took: 0.002842
[2020.04.03-07.40.31:037][732]LogContentBrowser: Native class hierarchy updated for 'MovieSceneCapture' in 0.0003 seconds. Added 20 classes and 0 folders.
[2020.04.03-07.40.31:041][732]PIE: Play in editor start time for /Game/HubWorld/UEDPIE_0_HubWorld 0.611
[2020.04.03-07.40.31:042][732]LogBlueprintUserMessages: Late PlayInEditor Detection: Level '/Game/HubWorld/HubWorld.HubWorld:PersistentLevel' has LevelScriptBlueprint '/Game/HubWorld/HubWorld.HubWorld:PersistentLevel.HubWorld' with GeneratedClass '/Game/HubWorld/HubWorld.HubWorld_C' with ClassGeneratedBy '/Game/HubWorld/HubWorld.HubWorld:PersistentLevel.HubWorld'
[2020.04.03-07.40.31:089][733]LogRenderer: Reallocating scene render targets to support 3472x1928 Format 26 NumSamples 1 (Frame:1).
[2020.04.03-07.44.50:955][625]LogBlueprintUserMessages: Early EndPlayMap Detection: Level '/Game/HubWorld/HubWorld.HubWorld:PersistentLevel' has LevelScriptBlueprint '/Game/HubWorld/HubWorld.HubWorld:PersistentLevel.HubWorld' with GeneratedClass '/Game/HubWorld/HubWorld.HubWorld_C' with ClassGeneratedBy '/Game/HubWorld/HubWorld.HubWorld:PersistentLevel.HubWorld'
[2020.04.03-07.44.51:073][625]LogSlate: Updating window title bar state: overlay mode, drag disabled, window buttons hidden, title bar hidden
[2020.04.03-07.44.51:129][625]LogSlate: Window 'Project3_VR Game Preview Standalone (64-bit/PCD3D_SM5)' being destroyed
[2020.04.03-07.44.51:163][625]LogPlayLevel: Display: Shutting down PIE online subsystems
[2020.04.03-07.44.51:164][625]LogBlueprintUserMessages: Late EndPlayMap Detection: Level '/Game/HubWorld/HubWorld.HubWorld:PersistentLevel' has LevelScriptBlueprint '/Game/HubWorld/HubWorld.HubWorld:PersistentLevel.HubWorld' with GeneratedClass '/Game/HubWorld/HubWorld.HubWorld_C' with ClassGeneratedBy '/Game/HubWorld/HubWorld.HubWorld:PersistentLevel.HubWorld'
[2020.04.03-07.44.51:199][625]LogUObjectHash: Compacting FUObjectHashTables data took   2.65ms
[2020.04.03-07.44.51:220][626]LogPlayLevel: Display: Destroying online subsystem :Context_3
[2020.04.03-07.45.16:600][245]LogEditorViewport: Clicking on Actor (LMB): StaticMeshActor (alleywaytestobj_Mesh9_Group2_Group1_Model)
[2020.04.03-07.45.23:215][892]LogSlate: FSceneViewport::OnFocusLost() reason 0
[2020.04.03-07.45.28:493][380]LogSlate: FSceneViewport::OnFocusLost() reason 0
[2020.04.03-07.45.37:692][987]LogSlate: FSceneViewport::OnFocusLost() reason 0
[2020.04.03-07.45.40:158][142]LogAssetEditorManager: Opening Asset editor for StaticMesh /Game/HubWorld/Models/alleywaytestobj_Mesh10_Group10_Group1_Model.alleywaytestobj_Mesh10_Group10_Group1_Model
[2020.04.03-07.45.40:544][142]LogSlate: Took 0.000146 seconds to synchronously load lazily loaded font '../../../Engine/Content/Slate/Fonts/Roboto-Italic.ttf' (157K)
[2020.04.03-07.45.45:048][418]LogSlate: Window 'alleywaytestobj_Mesh10_Group10_Group1_Model' being destroyed
[2020.04.03-07.46.11:582][625]LogEditorViewport: Clicking on Actor (LMB): StaticMeshActor (alleywaytestobj_Mesh25_Group25_Group1_Model)
[2020.04.03-07.46.12:992][743]LogSlate: FSceneViewport::OnFocusLost() reason 0
[2020.04.03-07.47.42:506][636]LogAssetEditorManager: Opening Asset editor for StaticMesh /Game/HubWorld/Models/alleywaytestobj_Mesh24_Group13_Group1_Model.alleywaytestobj_Mesh24_Group13_Group1_Model
[2020.04.03-07.48.01:440][326]LogSavePackage: Moving '../../../../../TheSquire/GDS210.3-Alternate-Realities/Project3_VR/Saved/alleywaytestobj_Mesh24_Group13_GFE67B87E460E0B96891B20B8C3223EF0.tmp' to '../../../../../TheSquire/GDS210.3-Alternate-Realities/Project3_VR/Content/HubWorld/Models/alleywaytestobj_Mesh24_Group13_Group1_Model.uasset'
[2020.04.03-07.48.03:547][486]LogSlate: Window 'alleywaytestobj_Mesh24_Group13_Group1_Model' being destroyed
[2020.04.03-07.48.07:530][798]LogSlate: FSceneViewport::OnFocusLost() reason 0
[2020.04.03-07.48.07:679][809]LogAssetEditorManager: Opening Asset editor for StaticMesh /Game/HubWorld/Models/alleywaytestobj_Mesh26_Group26_Group1_Model.alleywaytestobj_Mesh26_Group26_Group1_Model
[2020.04.03-07.48.10:877][ 41]LogSlate: Window 'alleywaytestobj_Mesh26_Group26_Group1_Model' being destroyed
[2020.04.03-07.48.12:429][155]LogAssetEditorManager: Opening Asset editor for StaticMesh /Game/HubWorld/Models/alleywaytestobj_Mesh28_Group28_Group1_Model.alleywaytestobj_Mesh28_Group28_Group1_Model
[2020.04.03-07.48.16:134][422]LogSlate: Window 'alleywaytestobj_Mesh28_Group28_Group1_Model' being destroyed
[2020.04.03-07.48.22:251][858]LogAssetEditorManager: Opening Asset editor for StaticMesh /Game/HubWorld/Models/alleywaytestobj_Mesh9_Group2_Group1_Model.alleywaytestobj_Mesh9_Group2_Group1_Model
[2020.04.03-07.48.28:712][287]LogSlate: FSceneViewport::OnFocusLost() reason 2
[2020.04.03-07.48.30:576][447]LogSlate: FSceneViewport::OnFocusLost() reason 0
[2020.04.03-07.48.30:726][457]LogSavePackage: Moving '../../../../../TheSquire/GDS210.3-Alternate-Realities/Project3_VR/Saved/alleywaytestobj_Mesh9_Group2_Gro2FF2444B438D8D351BB3779A50B5F31E.tmp' to '../../../../../TheSquire/GDS210.3-Alternate-Realities/Project3_VR/Content/HubWorld/Models/alleywaytestobj_Mesh9_Group2_Group1_Model.uasset'
[2020.04.03-07.48.34:175][706]LogSlate: FSceneViewport::OnFocusLost() reason 0
[2020.04.03-07.48.34:308][717]LogSavePackage: Moving '../../../../../TheSquire/GDS210.3-Alternate-Realities/Project3_VR/Saved/alleywaytestobj_Mesh9_Group2_Gro8BE91E6A4E87212A03876E8C0318C0C6.tmp' to '../../../../../TheSquire/GDS210.3-Alternate-Realities/Project3_VR/Content/HubWorld/Models/alleywaytestobj_Mesh9_Group2_Group1_Model.uasset'
[2020.04.03-07.48.36:383][871]LogSlate: Window 'alleywaytestobj_Mesh9_Group2_Group1_Model' being destroyed
[2020.04.03-07.48.38:146][ 27]Cmd: SELECT NONE
[2020.04.03-07.49.51:349][545]LogSlate: FSceneViewport::OnFocusLost() reason 0
[2020.04.03-07.50.00:966][630]Cmd: OBJ SAVEPACKAGE PACKAGE="/Game/HubWorld/HubWorld" FILE="../../../../../TheSquire/GDS210.3-Alternate-Realities/Project3_VR/Content/HubWorld/HubWorld.umap" SILENT=true AUTOSAVING=false KEEPDIRTY=false
[2020.04.03-07.50.00:993][630]LogUObjectHash: Compacting FUObjectHashTables data took   1.80ms
[2020.04.03-07.50.01:148][630]LogSavePackage: Moving '../../../../../TheSquire/GDS210.3-Alternate-Realities/Project3_VR/Saved/HubWorld709E702E44AA8D449BF390B031A8CE1E.tmp' to '../../../../../TheSquire/GDS210.3-Alternate-Realities/Project3_VR/Content/HubWorld/HubWorld.umap'
[2020.04.03-07.50.02:603][796]LogUObjectHash: Compacting FUObjectHashTables data took   1.43ms
[2020.04.03-07.50.02:661][796]LogSlate: Window 'Project3_VR - Unreal Editor' being destroyed
[2020.04.03-07.50.02:828][797]Cmd: QUIT_EDITOR
[2020.04.03-07.50.02:915][797]LogHMD: SteamVR Shutting down.
[2020.04.03-07.50.02:918][797]LogWindowsTextInputMethodSystem: Display: IME system now deactivated.
[2020.04.03-07.50.02:932][797]LogExit: Preparing to exit.
[2020.04.03-07.50.03:534][797]LogExit: Editor shut down
[2020.04.03-07.50.03:534][797]LogExit: Transaction tracking system shut down
[2020.04.03-07.50.03:655][797]LogExit: Object subsystem successfully closed.
[2020.04.03-07.50.03:680][797]LogShaderCompilers: Display: Shaders left to compile 0
[2020.04.03-07.50.03:683][797]LogD3D11RHI: Shutdown
[2020.04.03-07.50.03:683][797]LogD3D11RHI: CleanupD3DDevice
[2020.04.03-07.50.03:683][797]LogRendererCore: FGlobalReadBuffer::ReleaseRHI
[2020.04.03-07.50.03:683][797]LogRendererCore: FGlobalDynamicReadBuffer::Cleanup()
[2020.04.03-07.50.03:683][797]LogRendererCore: FGlobalReadBuffer::ReleaseRHI
[2020.04.03-07.50.03:683][797]LogRendererCore: FGlobalDynamicReadBuffer::Cleanup()
[2020.04.03-07.50.03:683][797]LogRendererCore: FGlobalReadBuffer::ReleaseRHI
[2020.04.03-07.50.03:683][797]LogRendererCore: FGlobalDynamicReadBuffer::Cleanup()
[2020.04.03-07.50.03:684][797]LogD3D11RHI: ~FD3D11DynamicRHI
[2020.04.03-07.50.03:691][797]LogModuleManager: Shutting down and abandoning module StaticMeshEditor (656)
[2020.04.03-07.50.03:691][797]LogModuleManager: Shutting down and abandoning module MovieSceneCapture (654)
[2020.04.03-07.50.03:691][797]LogModuleManager: Shutting down and abandoning module Voice (652)
[2020.04.03-07.50.03:691][797]LogModuleManager: Shutting down and abandoning module HierarchicalLODOutliner (650)
[2020.04.03-07.50.03:691][797]LogModuleManager: Shutting down and abandoning module AddContentDialog (648)
[2020.04.03-07.50.03:691][797]LogModuleManager: Shutting down and abandoning module WidgetCarousel (647)
[2020.04.03-07.50.03:691][797]LogModuleManager: Shutting down and abandoning module EditorWidgets (644)
[2020.04.03-07.50.03:691][797]LogModuleManager: Shutting down and abandoning module CollectionManager (642)
[2020.04.03-07.50.03:692][797]LogModuleManager: Shutting down and abandoning module SceneOutliner (640)
[2020.04.03-07.50.03:692][797]LogModuleManager: Shutting down and abandoning module StatsViewer (638)
[2020.04.03-07.50.03:692][797]LogModuleManager: Shutting down and abandoning module FoliageEdit (636)
[2020.04.03-07.50.03:692][797]LogModuleManager: Shutting down and abandoning module LandscapeEditor (634)
[2020.04.03-07.50.03:692][797]LogModuleManager: Shutting down and abandoning module MeshPaintMode (632)
[2020.04.03-07.50.03:692][797]LogModuleManager: Shutting down and abandoning module SceneDepthPickerMode (630)
[2020.04.03-07.50.03:692][797]LogModuleManager: Shutting down and abandoning module ActorPickerMode (628)
[2020.04.03-07.50.03:692][797]LogModuleManager: Shutting down and abandoning module GeometryMode (626)
[2020.04.03-07.50.03:692][797]LogModuleManager: Shutting down and abandoning module TextureAlignMode (624)
[2020.04.03-07.50.03:692][797]LogModuleManager: Shutting down and abandoning module BspMode (622)
[2020.04.03-07.50.03:692][797]LogModuleManager: Shutting down and abandoning module PIEPreviewDeviceProfileSelector (620)
[2020.04.03-07.50.03:692][797]LogModuleManager: Shutting down and abandoning module SequenceRecorderSections (618)
[2020.04.03-07.50.03:692][797]LogModuleManager: Shutting down and abandoning module AutomationWorker (616)
[2020.04.03-07.50.03:692][797]LogModuleManager: Shutting down and abandoning module OculusMR (614)
[2020.04.03-07.50.03:692][797]LogModuleManager: Shutting down and abandoning module AudioCaptureEditor (612)
[2020.04.03-07.50.03:692][797]LogModuleManager: Shutting down and abandoning module MatineeToLevelSequence (610)
[2020.04.03-07.50.03:692][797]LogModuleManager: Shutting down and abandoning module LevelSequenceEditor (608)
[2020.04.03-07.50.03:692][797]LogModuleManager: Shutting down and abandoning module PlacementMode (607)
[2020.04.03-07.50.03:692][797]LogModuleManager: Shutting down and abandoning module MaterialEditor (606)
[2020.04.03-07.50.03:692][797]LogModuleManager: Shutting down and abandoning module ActorSequenceEditor (602)
[2020.04.03-07.50.03:692][797]LogModuleManager: Shutting down and abandoning module WmfMediaFactory (600)
[2020.04.03-07.50.03:692][797]LogModuleManager: Shutting down and abandoning module WmfMediaEditor (598)
[2020.04.03-07.50.03:692][797]LogModuleManager: Shutting down and abandoning module WebMMediaFactory (596)
[2020.04.03-07.50.03:692][797]LogModuleManager: Shutting down and abandoning module WebMMediaEditor (594)
[2020.04.03-07.50.03:692][797]LogModuleManager: Shutting down and abandoning module WebMMedia (592)
[2020.04.03-07.50.03:692][797]LogModuleManager: Shutting down and abandoning module MediaPlayerEditor (590)
[2020.04.03-07.50.03:692][797]LogModuleManager: Shutting down and abandoning module MediaCompositingEditor (588)
[2020.04.03-07.50.03:692][797]LogModuleManager: Shutting down and abandoning module SequenceRecorder (587)
[2020.04.03-07.50.03:692][797]LogModuleManager: Shutting down and abandoning module OpenExrWrapper (584)
[2020.04.03-07.50.03:692][797]LogModuleManager: Shutting down and abandoning module ImgMediaFactory (582)
[2020.04.03-07.50.03:692][797]LogModuleManager: Shutting down and abandoning module ImgMediaEditor (580)
[2020.04.03-07.50.03:692][797]LogModuleManager: Shutting down and abandoning module AvfMediaFactory (578)
[2020.04.03-07.50.03:692][797]LogModuleManager: Shutting down and abandoning module AvfMediaEditor (576)
[2020.04.03-07.50.03:692][797]LogModuleManager: Shutting down and abandoning module AndroidMediaFactory (574)
[2020.04.03-07.50.03:692][797]LogModuleManager: Shutting down and abandoning module AndroidMediaEditor (572)
[2020.04.03-07.50.03:692][797]LogModuleManager: Shutting down and abandoning module MagicLeapCameraPreviewFactory (570)
[2020.04.03-07.50.03:692][797]LogModuleManager: Shutting down and abandoning module MagicLeapMediaCodecFactory (568)
[2020.04.03-07.50.03:692][797]LogModuleManager: Shutting down and abandoning module MagicLeapMediaFactory (566)
[2020.04.03-07.50.03:692][797]LogModuleManager: Shutting down and abandoning module MagicLeapMediaEditor (564)
[2020.04.03-07.50.03:692][797]LogModuleManager: Shutting down and abandoning module CharacterAI (562)
[2020.04.03-07.50.03:692][797]LogModuleManager: Shutting down and abandoning module SmartSnapping (560)
[2020.04.03-07.50.03:692][797]LogModuleManager: Shutting down and abandoning module SessionServices (558)
[2020.04.03-07.50.03:692][797]LogModuleManager: Shutting down and abandoning module MeshPaint (556)
[2020.04.03-07.50.03:692][797]LogModuleManager: Shutting down and abandoning module ViewportSnapping (554)
[2020.04.03-07.50.03:692][797]LogModuleManager: Shutting down and abandoning module ViewportInteraction (552)
[2020.04.03-07.50.03:692][797]LogModuleManager: Shutting down and abandoning module ClothPainter (550)
[2020.04.03-07.50.03:692][797]LogModuleManager: Shutting down and abandoning module SkeletalMeshEditor (549)
[2020.04.03-07.50.03:693][797]LogModuleManager: Shutting down and abandoning module LogVisualizer (546)
[2020.04.03-07.50.03:693][797]LogModuleManager: Shutting down and abandoning module IntroTutorials (544)
[2020.04.03-07.50.03:693][797]LogModuleManager: Shutting down and abandoning module GameProjectGeneration (543)
[2020.04.03-07.50.03:693][797]LogModuleManager: Shutting down and abandoning module LuminPlatformEditor (540)
[2020.04.03-07.50.03:693][797]LogModuleManager: Shutting down and abandoning module IOSPlatformEditor (538)
[2020.04.03-07.50.03:693][797]LogModuleManager: Shutting down and abandoning module HTML5PlatformEditor (536)
[2020.04.03-07.50.03:693][797]LogModuleManager: Shutting down and abandoning module AndroidPlatformEditor (534)
[2020.04.03-07.50.03:693][797]LogModuleManager: Shutting down and abandoning module AndroidDeviceDetection (533)
[2020.04.03-07.50.03:775][797]LogModuleManager: Shutting down and abandoning module WindowsPlatformEditor (530)
[2020.04.03-07.50.03:775][797]LogModuleManager: Shutting down and abandoning module LuminRuntimeSettings (528)
[2020.04.03-07.50.03:775][797]LogModuleManager: Shutting down and abandoning module IOSRuntimeSettings (526)
[2020.04.03-07.50.03:775][797]LogModuleManager: Shutting down and abandoning module AndroidRuntimeSettings (524)
[2020.04.03-07.50.03:775][797]LogModuleManager: Shutting down and abandoning module TimeManagementEditor (522)
[2020.04.03-07.50.03:775][797]LogModuleManager: Shutting down and abandoning module InputBindingEditor (520)
[2020.04.03-07.50.03:775][797]LogModuleManager: Shutting down and abandoning module MergeActors (518)
[2020.04.03-07.50.03:775][797]LogModuleManager: Shutting down and abandoning module LocalizationDashboard (516)
[2020.04.03-07.50.03:775][797]LogModuleManager: Shutting down and abandoning module LocalizationService (515)
[2020.04.03-07.50.03:775][797]LogModuleManager: Shutting down and abandoning module HardwareTargeting (512)
[2020.04.03-07.50.03:775][797]LogModuleManager: Shutting down and abandoning module DeviceProfileEditor (510)
[2020.04.03-07.50.03:775][797]LogModuleManager: Shutting down and abandoning module UndoHistory (508)
[2020.04.03-07.50.03:775][797]LogModuleManager: Shutting down and abandoning module XmlParser (506)
[2020.04.03-07.50.03:775][797]LogModuleManager: Shutting down and abandoning module Blutility (504)
[2020.04.03-07.50.03:776][797]LogModuleManager: Shutting down and abandoning module ProjectSettingsViewer (502)
[2020.04.03-07.50.03:776][797]LogModuleManager: Shutting down and abandoning module ProjectTargetPlatformEditor (501)
[2020.04.03-07.50.03:776][797]LogModuleManager: Shutting down and abandoning module EditorSettingsViewer (498)
[2020.04.03-07.50.03:776][797]LogModuleManager: Shutting down and abandoning module SettingsEditor (496)
[2020.04.03-07.50.03:776][797]LogModuleManager: Shutting down and abandoning module ProjectLauncher (494)
[2020.04.03-07.50.03:776][797]LogModuleManager: Shutting down and abandoning module SessionFrontend (492)
[2020.04.03-07.50.03:776][797]LogModuleManager: Shutting down and abandoning module ProfilerClient (490)
[2020.04.03-07.50.03:776][797]LogModuleManager: Shutting down and abandoning module DeviceManager (488)
[2020.04.03-07.50.03:776][797]LogModuleManager: Shutting down and abandoning module TargetDeviceServices (487)
[2020.04.03-07.50.03:820][797]LogModuleManager: Shutting down and abandoning module AutomationController (484)
[2020.04.03-07.50.03:820][797]LogModuleManager: Shutting down and abandoning module AutomationWindow (482)
[2020.04.03-07.50.03:820][797]LogModuleManager: Shutting down and abandoning module Layers (480)
[2020.04.03-07.50.03:820][797]LogModuleManager: Shutting down and abandoning module ComponentVisualizers (478)
[2020.04.03-07.50.03:820][797]LogModuleManager: Shutting down and abandoning module DetailCustomizations (476)
[2020.04.03-07.50.03:820][797]LogModuleManager: Shutting down and abandoning module PackagesDialog (474)
[2020.04.03-07.50.03:820][797]LogModuleManager: Shutting down and abandoning module AnimationBlueprintEditor (472)
[2020.04.03-07.50.03:820][797]LogModuleManager: Shutting down and abandoning module Persona (470)
[2020.04.03-07.50.03:820][797]LogModuleManager: Shutting down and abandoning module AdvancedPreviewScene (469)
[2020.04.03-07.50.03:820][797]LogModuleManager: Shutting down and abandoning module AnimGraph (467)
[2020.04.03-07.50.03:820][797]LogModuleManager: Shutting down and abandoning module Kismet (464)
[2020.04.03-07.50.03:820][797]LogModuleManager: Shutting down and abandoning module GraphEditor (462)
[2020.04.03-07.50.03:820][797]LogModuleManager: Shutting down and abandoning module ClassViewer (460)
[2020.04.03-07.50.03:820][797]LogModuleManager: Shutting down and abandoning module Toolbox (458)
[2020.04.03-07.50.03:821][797]LogModuleManager: Shutting down and abandoning module ModuleUI (456)
[2020.04.03-07.50.03:821][797]LogModuleManager: Shutting down and abandoning module MovieSceneTools (454)
[2020.04.03-07.50.03:821][797]LogModuleManager: Shutting down and abandoning module OutputLog (452)
[2020.04.03-07.50.03:821][797]LogModuleManager: Shutting down and abandoning module GammaUI (450)
[2020.04.03-07.50.03:821][797]LogModuleManager: Shutting down and abandoning module Documentation (448)
[2020.04.03-07.50.03:821][797]LogModuleManager: Shutting down and abandoning module LiveCoding (446)
[2020.04.03-07.50.03:821][797]LogModuleManager: Shutting down and abandoning module LevelSequence (444)
[2020.04.03-07.50.03:821][797]LogModuleManager: Shutting down and abandoning module MovieSceneTracks (442)
[2020.04.03-07.50.03:821][797]LogModuleManager: Shutting down and abandoning module MovieScene (440)
[2020.04.03-07.50.03:821][797]LogModuleManager: Shutting down and abandoning module StreamingPauseRendering (438)
[2020.04.03-07.50.03:821][797]LogModuleManager: Shutting down and abandoning module LauncherPlatform (436)
[2020.04.03-07.50.03:821][797]LogModuleManager: Shutting down and abandoning module AnalyticsET (434)
[2020.04.03-07.50.03:821][797]LogModuleManager: Shutting down and abandoning module PortalServices (432)
[2020.04.03-07.50.03:821][797]LogModuleManager: Shutting down and abandoning module PortalRpc (430)
[2020.04.03-07.50.03:821][797]LogModuleManager: Shutting down and abandoning module MessagingRpc (428)
[2020.04.03-07.50.03:821][797]LogModuleManager: Shutting down and abandoning module AIModule (426)
[2020.04.03-07.50.03:821][797]LogModuleManager: Shutting down and abandoning module GameplayDebugger (425)
[2020.04.03-07.50.03:821][797]LogModuleManager: Shutting down and abandoning module AITestSuite (423)
[2020.04.03-07.50.03:821][797]LogModuleManager: Shutting down and abandoning module NavigationSystem (421)
[2020.04.03-07.50.03:821][797]LogModuleManager: Shutting down and abandoning module DesktopPlatform (418)
[2020.04.03-07.50.03:821][797]LogModuleManager: Shutting down and abandoning module ImageWriteQueue (416)
[2020.04.03-07.50.03:823][797]LogModuleManager: Shutting down and abandoning module ProfilerService (414)
[2020.04.03-07.50.03:945][797]LogModuleManager: Shutting down and abandoning module TaskGraph (412)
[2020.04.03-07.50.03:945][797]LogModuleManager: Shutting down and abandoning module MegascansPlugin (410)
[2020.04.03-07.50.03:945][797]LogModuleManager: Shutting down and abandoning module SteamVRController (408)
[2020.04.03-07.50.03:945][797]LogModuleManager: Shutting down and abandoning module ProceduralMeshComponentEditor (406)
[2020.04.03-07.50.03:945][797]LogModuleManager: Shutting down and abandoning module ProceduralMeshComponent (404)
[2020.04.03-07.50.03:945][797]LogModuleManager: Shutting down and abandoning module OculusEditor (402)
[2020.04.03-07.50.03:945][797]LogModuleManager: Shutting down and abandoning module OculusInput (400)
[2020.04.03-07.50.03:945][797]LogModuleManager: Shutting down and abandoning module MobilePatchingUtils (398)
[2020.04.03-07.50.03:945][797]LogModuleManager: Shutting down and abandoning module EditableMesh (396)
[2020.04.03-07.50.03:945][797]LogModuleManager: Shutting down and abandoning module CustomMeshComponent (394)
[2020.04.03-07.50.03:945][797]LogModuleManager: Shutting down and abandoning module CableComponent (392)
[2020.04.03-07.50.03:945][797]LogModuleManager: Shutting down and abandoning module AudioCapture (390)
[2020.04.03-07.50.03:945][797]LogModuleManager: Shutting down and abandoning module ArchVisCharacter (388)
[2020.04.03-07.50.03:945][797]LogModuleManager: Shutting down and abandoning module AndroidPermission (386)
[2020.04.03-07.50.03:945][797]LogModuleManager: Shutting down and abandoning module NUTUnrealEngine4 (384)
[2020.04.03-07.50.03:945][797]LogModuleManager: Shutting down and abandoning module NetcodeUnitTest (382)
[2020.04.03-07.50.03:945][797]LogModuleManager: Shutting down and abandoning module MediaCompositing (380)
[2020.04.03-07.50.03:945][797]LogModuleManager: Shutting down and abandoning module LinearTimecode (378)
[2020.04.03-07.50.03:945][797]LogModuleManager: Shutting down and abandoning module ImgMedia (376)
[2020.04.03-07.50.03:945][797]LogModuleManager: Shutting down and abandoning module MagicLeapHelperVulkan (374)
[2020.04.03-07.50.03:945][797]LogModuleManager: Shutting down and abandoning module MagicLeapHelperOpenGL (372)
[2020.04.03-07.50.03:945][797]LogModuleManager: Shutting down and abandoning module MagicLeapAudio (370)
[2020.04.03-07.50.03:945][797]LogModuleManager: Shutting down and abandoning module HTML5Networking (368)
[2020.04.03-07.50.03:945][797]LogModuleManager: Shutting down and abandoning module GeometryCacheTracks (366)
[2020.04.03-07.50.03:945][797]LogModuleManager: Shutting down and abandoning module GeometryCacheSequencer (364)
[2020.04.03-07.50.03:945][797]LogModuleManager: Shutting down and abandoning module BackChannel (362)
[2020.04.03-07.50.03:945][797]LogModuleManager: Shutting down and abandoning module AppleVision (360)
[2020.04.03-07.50.03:945][797]LogModuleManager: Shutting down and abandoning module AppleImageUtilsBlueprintSupport (358)
[2020.04.03-07.50.03:945][797]LogModuleManager: Shutting down and abandoning module AppleImageUtils (356)
[2020.04.03-07.50.03:945][797]LogModuleManager: Shutting down and abandoning module AlembicImporter (354)
[2020.04.03-07.50.03:946][797]LogModuleManager: Shutting down and abandoning module AlembicLibrary (353)
[2020.04.03-07.50.03:946][797]LogModuleManager: Shutting down and abandoning module GeometryCache (352)
[2020.04.03-07.50.03:946][797]LogModuleManager: Shutting down and abandoning module GeometryCacheEd (351)
[2020.04.03-07.50.03:946][797]LogModuleManager: Shutting down and abandoning module VariantManagerContent (346)
[2020.04.03-07.50.03:946][797]LogModuleManager: Shutting down and abandoning module DatasmithContentEditor (344)
[2020.04.03-07.50.03:946][797]LogModuleManager: Shutting down and abandoning module SpeedTreeImporter (342)
[2020.04.03-07.50.03:946][797]LogModuleManager: Shutting down and abandoning module PluginBrowser (340)
[2020.04.03-07.50.03:946][797]LogModuleManager: Shutting down and abandoning module MobileLauncherProfileWizard (338)
[2020.04.03-07.50.03:946][797]LogModuleManager: Shutting down and abandoning module MaterialAnalyzer (336)
[2020.04.03-07.50.03:946][797]LogModuleManager: Shutting down and abandoning module EditorScriptingUtilities (334)
[2020.04.03-07.50.03:946][797]LogModuleManager: Shutting down and abandoning module CryptoKeysOpenSSL (332)
[2020.04.03-07.50.03:946][797]LogModuleManager: Shutting down and abandoning module CryptoKeys (330)
[2020.04.03-07.50.03:946][797]LogModuleManager: Shutting down and abandoning module VisualStudioSourceCodeAccess (328)
[2020.04.03-07.50.03:946][797]LogModuleManager: Shutting down and abandoning module VisualStudioCodeSourceCodeAccess (326)
[2020.04.03-07.50.03:946][797]LogModuleManager: Shutting down and abandoning module UObjectPlugin (324)
[2020.04.03-07.50.03:946][797]LogModuleManager: Shutting down and abandoning module SubversionSourceControl (322)
[2020.04.03-07.50.03:946][797]LogModuleManager: Shutting down and abandoning module PerforceSourceControl (320)
[2020.04.03-07.50.03:946][797]LogModuleManager: Shutting down and abandoning module GitSourceControl (318)
[2020.04.03-07.50.03:946][797]LogModuleManager: Shutting down and abandoning module SourceControl (317)
[2020.04.03-07.50.03:946][797]LogModuleManager: Shutting down and abandoning module CLionSourceCodeAccess (314)
[2020.04.03-07.50.03:946][797]LogModuleManager: Shutting down and abandoning module AnimationSharingEd (312)
[2020.04.03-07.50.03:946][797]LogModuleManager: Shutting down and abandoning module ActorLayerUtilitiesEditor (310)
[2020.04.03-07.50.03:946][797]LogModuleManager: Shutting down and abandoning module ActorLayerUtilities (308)
[2020.04.03-07.50.03:946][797]LogModuleManager: Shutting down and abandoning module LightPropagationVolumeEditor (306)
[2020.04.03-07.50.03:946][797]LogModuleManager: Shutting down and abandoning module PaperTiledImporter (304)
[2020.04.03-07.50.03:946][797]LogModuleManager: Shutting down and abandoning module PaperSpriteSheetImporter (302)
[2020.04.03-07.50.03:946][797]LogModuleManager: Shutting down and abandoning module Paper2DEditor (300)
[2020.04.03-07.50.03:946][797]LogModuleManager: Shutting down and abandoning module SignificanceManager (298)
[2020.04.03-07.50.03:946][797]LogModuleManager: Shutting down and abandoning module RuntimePhysXCooking (296)
[2020.04.03-07.50.03:946][797]LogModuleManager: Shutting down and abandoning module PhysXVehiclesEditor (294)
[2020.04.03-07.50.03:946][797]LogModuleManager: Shutting down and abandoning module PhysXVehicles (292)
[2020.04.03-07.50.03:946][797]LogModuleManager: Shutting down and abandoning module LocationServicesBPLibrary (290)
[2020.04.03-07.50.03:946][797]LogModuleManager: Shutting down and abandoning module ActorSequence (288)
[2020.04.03-07.50.03:946][797]LogModuleManager: Shutting down and abandoning module UdpMessaging (286)
[2020.04.03-07.50.04:048][797]LogModuleManager: Shutting down and abandoning module TcpMessaging (284)
[2020.04.03-07.50.04:149][797]LogModuleManager: Shutting down and abandoning module MagicLeapIdentity (282)
[2020.04.03-07.50.04:149][797]LogModuleManager: Shutting down and abandoning module MagicLeapSecureStorage (280)
[2020.04.03-07.50.04:149][797]LogModuleManager: Shutting down and abandoning module MagicLeapHandTracking (278)
[2020.04.03-07.50.04:149][797]LogModuleManager: Shutting down and abandoning module MagicLeapEyeTracker (276)
[2020.04.03-07.50.04:149][797]LogModuleManager: Shutting down and abandoning module MagicLeapController (274)
[2020.04.03-07.50.04:149][797]LogSlate: Slate User Destroyed.  User Index 0, Is Virtual User: 0
[2020.04.03-07.50.04:149][797]LogModuleManager: Shutting down and abandoning module MagicLeapAR (272)
[2020.04.03-07.50.04:149][797]LogModuleManager: Shutting down and abandoning module AugmentedReality (271)
[2020.04.03-07.50.04:149][797]LogModuleManager: Shutting down and abandoning module PythonScriptPlugin (268)
[2020.04.03-07.50.04:149][797]LogModuleManager: Shutting down and abandoning module PythonScriptPluginPreload (266)
[2020.04.03-07.50.04:149][797]LogModuleManager: Shutting down and abandoning module GameplayTagsEditor (264)
[2020.04.03-07.50.04:149][797]LogModuleManager: Shutting down and abandoning module FacialAnimationEditor (262)
[2020.04.03-07.50.04:149][797]LogModuleManager: Shutting down and abandoning module FacialAnimation (260)
[2020.04.03-07.50.04:149][797]LogModuleManager: Shutting down and abandoning module DataValidation (258)
[2020.04.03-07.50.04:149][797]LogModuleManager: Shutting down and abandoning module AssetManagerEditor (256)
[2020.04.03-07.50.04:149][797]LogModuleManager: Shutting down and abandoning module LevelEditor (255)
[2020.04.03-07.50.04:149][797]LogModuleManager: Shutting down and abandoning module PixelInspectorModule (254)
[2020.04.03-07.50.04:149][797]LogModuleManager: Shutting down and abandoning module CommonMenuExtensions (252)
[2020.04.03-07.50.04:150][797]LogModuleManager: Shutting down and abandoning module MainFrame (250)
[2020.04.03-07.50.04:150][797]LogModuleManager: Shutting down and abandoning module HotReload (249)
[2020.04.03-07.50.04:150][797]LogModuleManager: Shutting down and abandoning module ContentBrowser (245)
[2020.04.03-07.50.04:150][797]LogModuleManager: Shutting down and abandoning module TreeMap (243)
[2020.04.03-07.50.04:150][797]LogModuleManager: Shutting down and abandoning module AnimationSharing (240)
[2020.04.03-07.50.04:150][797]LogModuleManager: Shutting down and abandoning module LightPropagationVolumeRuntime (238)
[2020.04.03-07.50.04:150][797]LogModuleManager: Shutting down and abandoning module AISupportModule (236)
[2020.04.03-07.50.04:150][797]LogModuleManager: Shutting down and abandoning module Paper2D (234)
[2020.04.03-07.50.04:150][797]LogModuleManager: Shutting down and abandoning module WindowsMoviePlayer (232)
[2020.04.03-07.50.04:150][797]LogModuleManager: Shutting down and abandoning module WebMMoviePlayer (230)
[2020.04.03-07.50.04:150][797]LogModuleManager: Shutting down and abandoning module PacketHandler (228)
[2020.04.03-07.50.04:150][797]LogModuleManager: Shutting down and abandoning module ClothingSystemEditor (226)
[2020.04.03-07.50.04:150][797]LogModuleManager: Shutting down and abandoning module ClothingSystemRuntime (224)
[2020.04.03-07.50.04:150][797]LogModuleManager: Shutting down and abandoning module MediaAssets (222)
[2020.04.03-07.50.04:150][797]LogModuleManager: Shutting down and abandoning module Overlay (220)
[2020.04.03-07.50.04:150][797]LogModuleManager: Shutting down and abandoning module OverlayEditor (219)
[2020.04.03-07.50.04:150][797]LogModuleManager: Shutting down and abandoning module VREditor (216)
[2020.04.03-07.50.04:150][797]LogModuleManager: Shutting down and abandoning module StringTableEditor (214)
[2020.04.03-07.50.04:151][797]LogModuleManager: Shutting down and abandoning module GameplayTasksEditor (212)
[2020.04.03-07.50.04:151][797]LogModuleManager: Shutting down and abandoning module BehaviorTreeEditor (210)
[2020.04.03-07.50.04:151][797]LogModuleManager: Shutting down and abandoning module FunctionalTesting (208)
[2020.04.03-07.50.04:151][797]LogModuleManager: Shutting down and abandoning module CollisionAnalyzer (206)
[2020.04.03-07.50.04:151][797]LogModuleManager: Shutting down and abandoning module WorkspaceMenuStructure (205)
[2020.04.03-07.50.04:151][797]LogModuleManager: Shutting down and abandoning module UMG (202)
[2020.04.03-07.50.04:151][797]LogModuleManager: Shutting down and abandoning module UMGEditor (201)
[2020.04.03-07.50.04:151][797]LogModuleManager: Shutting down and abandoning module Sequencer (200)
[2020.04.03-07.50.04:151][797]LogModuleManager: Shutting down and abandoning module MessageLog (197)
[2020.04.03-07.50.04:151][797]LogModuleManager: Shutting down and abandoning module SlateReflector (192)
[2020.04.03-07.50.04:151][797]LogModuleManager: Shutting down and abandoning module Slate (190)
[2020.04.03-07.50.04:151][797]LogModuleManager: Shutting down and abandoning module EditorStyle (188)
[2020.04.03-07.50.04:152][797]LogModuleManager: Shutting down and abandoning module UnrealEd (186)
[2020.04.03-07.50.04:152][797]LogModuleManager: Shutting down and abandoning module MRMesh (184)
[2020.04.03-07.50.04:152][797]LogModuleManager: Shutting down and abandoning module SourceCodeAccess (182)
[2020.04.03-07.50.04:152][797]LogModuleManager: Shutting down and abandoning module HeadMountedDisplay (180)
[2020.04.03-07.50.04:152][797]LogModuleManager: Shutting down and abandoning module XAudio2 (178)
[2020.04.03-07.50.04:152][797]LogModuleManager: Shutting down and abandoning module Networking (176)
[2020.04.03-07.50.04:152][797]LogModuleManager: Shutting down and abandoning module Core (174)
[2020.04.03-07.50.04:152][797]LogModuleManager: Shutting down and abandoning module KismetCompiler (172)
[2020.04.03-07.50.04:152][797]LogModuleManager: Shutting down and abandoning module MeshUtilities (170)
[2020.04.03-07.50.04:152][797]LogModuleManager: Shutting down and abandoning module MeshMergeUtilities (169)
[2020.04.03-07.50.04:152][797]LogModuleManager: Shutting down and abandoning module MeshReductionInterface (168)
[2020.04.03-07.50.04:152][797]LogModuleManager: Shutting down and abandoning module SkeletalMeshReduction (167)
[2020.04.03-07.50.04:152][797]LogModuleManager: Shutting down and abandoning module ProxyLODMeshReduction (165)
[2020.04.03-07.50.04:152][797]LogModuleManager: Shutting down and abandoning module QuadricMeshReduction (163)
[2020.04.03-07.50.04:152][797]LogModuleManager: Shutting down and abandoning module MaterialBaking (159)
[2020.04.03-07.50.04:152][797]LogModuleManager: Shutting down and abandoning module DerivedDataCache (154)
[2020.04.03-07.50.04:164][797]LogDerivedDataCache: Shutdown
[2020.04.03-07.50.04:164][797]LogModuleManager: Shutting down and abandoning module XGEController (152)
[2020.04.03-07.50.04:164][797]LogXGEController: Cleaning working directory: C:/Users/mikeb/AppData/Local/Temp/UnrealXGEWorkingDir/
[2020.04.03-07.50.04:164][797]LogModuleManager: Shutting down and abandoning module TargetPlatform (150)
[2020.04.03-07.50.04:164][797]LogModuleManager: Shutting down and abandoning module VulkanShaderFormat (149)
[2020.04.03-07.50.04:164][797]LogModuleManager: Shutting down and abandoning module ShaderFormatVectorVM (147)
[2020.04.03-07.50.04:165][797]LogModuleManager: Shutting down and abandoning module ShaderFormatOpenGL (145)
[2020.04.03-07.50.04:165][797]LogModuleManager: Shutting down and abandoning module ShaderFormatD3D (143)
[2020.04.03-07.50.04:165][797]LogModuleManager: Shutting down and abandoning module MetalShaderFormat (141)
[2020.04.03-07.50.04:165][797]LogModuleManager: Shutting down and abandoning module TextureFormatUncompressed (139)
[2020.04.03-07.50.04:165][797]LogModuleManager: Shutting down and abandoning module TextureFormatPVR (137)
[2020.04.03-07.50.04:165][797]LogModuleManager: Shutting down and abandoning module TextureFormatDXT (135)
[2020.04.03-07.50.04:165][797]LogModuleManager: Shutting down and abandoning module TextureFormatIntelISPCTexComp (133)
[2020.04.03-07.50.04:165][797]LogModuleManager: Shutting down and abandoning module TextureFormatASTC (131)
[2020.04.03-07.50.04:165][797]LogModuleManager: Shutting down and abandoning module ImageWrapper (130)
[2020.04.03-07.50.04:165][797]LogModuleManager: Shutting down and abandoning module TextureFormatAndroid (127)
[2020.04.03-07.50.04:165][797]LogModuleManager: Shutting down and abandoning module AudioFormatOpus (125)
[2020.04.03-07.50.04:165][797]LogModuleManager: Shutting down and abandoning module AudioFormatOgg (123)
[2020.04.03-07.50.04:165][797]LogModuleManager: Shutting down and abandoning module AudioFormatADPCM (121)
[2020.04.03-07.50.04:165][797]LogModuleManager: Shutting down and abandoning module LuminTargetPlatform (119)
[2020.04.03-07.50.04:165][797]LogModuleManager: Shutting down and abandoning module LinuxTargetPlatform (117)
[2020.04.03-07.50.04:165][797]LogModuleManager: Shutting down and abandoning module LinuxServerTargetPlatform (115)
[2020.04.03-07.50.04:165][797]LogModuleManager: Shutting down and abandoning module LinuxNoEditorTargetPlatform (113)
[2020.04.03-07.50.04:165][797]LogModuleManager: Shutting down and abandoning module LinuxClientTargetPlatform (111)
[2020.04.03-07.50.04:165][797]LogModuleManager: Shutting down and abandoning module TVOSTargetPlatform (109)
[2020.04.03-07.50.04:166][797]LogModuleManager: Shutting down and abandoning module Messaging (107)
[2020.04.03-07.50.04:166][797]LogModuleManager: Shutting down and abandoning module IOSTargetPlatform (105)
[2020.04.03-07.50.04:166][797]LogModuleManager: Shutting down and abandoning module HTML5TargetPlatform (103)
[2020.04.03-07.50.04:166][797]LogModuleManager: Shutting down and abandoning module AndroidTargetPlatform (101)
[2020.04.03-07.50.04:170][797]LogModuleManager: Shutting down and abandoning module WindowsTargetPlatform (99)
[2020.04.03-07.50.04:171][797]LogModuleManager: Shutting down and abandoning module WindowsServerTargetPlatform (97)
[2020.04.03-07.50.04:171][797]LogModuleManager: Shutting down and abandoning module WindowsNoEditorTargetPlatform (95)
[2020.04.03-07.50.04:171][797]LogModuleManager: Shutting down and abandoning module WindowsClientTargetPlatform (93)
[2020.04.03-07.50.04:171][797]LogModuleManager: Shutting down and abandoning module MacTargetPlatform (91)
[2020.04.03-07.50.04:171][797]LogModuleManager: Shutting down and abandoning module MacServerTargetPlatform (89)
[2020.04.03-07.50.04:171][797]LogModuleManager: Shutting down and abandoning module MacNoEditorTargetPlatform (87)
[2020.04.03-07.50.04:171][797]LogModuleManager: Shutting down and abandoning module MacClientTargetPlatform (85)
[2020.04.03-07.50.04:171][797]LogModuleManager: Shutting down and abandoning module AllDesktopTargetPlatform (83)
[2020.04.03-07.50.04:171][797]LogModuleManager: Shutting down and abandoning module InputCore (80)
[2020.04.03-07.50.04:171][797]LogModuleManager: Shutting down and abandoning module Settings (78)
[2020.04.03-07.50.04:171][797]LogModuleManager: Shutting down and abandoning module DirectoryWatcher (76)
[2020.04.03-07.50.04:171][797]LogModuleManager: Shutting down and abandoning module PhysXCooking (74)
[2020.04.03-07.50.04:171][797]LogModuleManager: Shutting down and abandoning module SteamVR (72)
[2020.04.03-07.50.04:171][797]LogHMD: Freeing OpenVRDLLHandle.
[2020.04.03-07.50.04:171][797]LogModuleManager: Shutting down and abandoning module OculusHMD (70)
[2020.04.03-07.50.04:171][797]LogModuleManager: Shutting down and abandoning module ExampleDeviceProfileSelector (68)
[2020.04.03-07.50.04:171][797]LogModuleManager: Shutting down and abandoning module LauncherChunkInstaller (66)
[2020.04.03-07.50.04:171][797]LogModuleManager: Shutting down and abandoning module OnlineBlueprintSupport (64)
[2020.04.03-07.50.04:171][797]LogModuleManager: Shutting down and abandoning module OnlineSubsystem (60)
[2020.04.03-07.50.04:172][797]LogModuleManager: Shutting down and abandoning module XMPP (55)
[2020.04.03-07.50.04:172][797]LogModuleManager: Shutting down and abandoning module WebSockets (54)
[2020.04.03-07.50.04:176][797]LogModuleManager: Shutting down and abandoning module HTTP (51)
[2020.04.03-07.50.04:176][797]LogHttp: Display: Http module shutting down, but needs to wait on 1 outstanding Http requests:
[2020.04.03-07.50.04:176][797]LogHttp: Display: 	verb=[POST] url=[https://datarouter.ol.epicgames.com/datarouter/api/v1/public/data?SessionID=%7BBAB43A11-401D-E448-D7BC-9C8C83EC4EDE%7D&AppID=UEEditor.Rocket.Release&AppVersion=4.22.3-7053642%2B%2B%2BUE4%2BRelease-4.22&UserID=5100c732452cb5e45be4cfa4c1ad0e5d%7C8de6dc2d7b374be39c8b13260d97b440%7C417ca97b-ee40-46d8-9fff-08abad50faf9&AppEnvironment=datacollector-binary&UploadType=eteventstream] status=Processing
[2020.04.03-07.50.04:188][797]LogModuleManager: Shutting down and abandoning module SSL (50)
[2020.04.03-07.50.04:188][797]LogModuleManager: Shutting down and abandoning module WmfMedia (46)
[2020.04.03-07.50.04:190][797]LogModuleManager: Shutting down and abandoning module Media (45)
[2020.04.03-07.50.04:197][797]LogModuleManager: Shutting down and abandoning module MagicLeap (42)
[2020.04.03-07.50.04:197][797]LogModuleManager: Shutting down and abandoning module DatasmithContent (40)
[2020.04.03-07.50.04:197][797]LogModuleManager: Shutting down and abandoning module AnimationModifiers (38)
[2020.04.03-07.50.04:197][797]LogModuleManager: Shutting down and abandoning module PropertyEditor (37)
[2020.04.03-07.50.04:197][797]LogModuleManager: Shutting down and abandoning module AudioEditor (34)
[2020.04.03-07.50.04:197][797]LogModuleManager: Shutting down and abandoning module TextureCompressor (32)
[2020.04.03-07.50.04:197][797]LogModuleManager: Shutting down and abandoning module RenderCore (30)
[2020.04.03-07.50.04:197][797]LogModuleManager: Shutting down and abandoning module Landscape (28)
[2020.04.03-07.50.04:197][797]LogModuleManager: Shutting down and abandoning module SlateRHIRenderer (26)
[2020.04.03-07.50.04:197][797]LogModuleManager: Shutting down and abandoning module OpenGLDrv (24)
[2020.04.03-07.50.04:197][797]LogModuleManager: Shutting down and abandoning module D3D11RHI (22)
[2020.04.03-07.50.04:197][797]LogModuleManager: Shutting down and abandoning module AnimGraphRuntime (20)
[2020.04.03-07.50.04:198][797]LogModuleManager: Shutting down and abandoning module Renderer (18)
[2020.04.03-07.50.04:198][797]LogModuleManager: Shutting down and abandoning module Engine (16)
[2020.04.03-07.50.04:198][797]LogModuleManager: Shutting down and abandoning module CoreUObject (14)
[2020.04.03-07.50.04:198][797]LogModuleManager: Shutting down and abandoning module NetworkFile (12)
[2020.04.03-07.50.04:198][797]LogModuleManager: Shutting down and abandoning module CookedIterativeFile (10)
[2020.04.03-07.50.04:198][797]LogModuleManager: Shutting down and abandoning module StreamingFile (8)
[2020.04.03-07.50.04:198][797]LogModuleManager: Shutting down and abandoning module SandboxFile (6)
[2020.04.03-07.50.04:198][797]LogModuleManager: Shutting down and abandoning module PakFile (4)
[2020.04.03-07.50.04:198][797]LogModuleManager: Shutting down and abandoning module RSA (3)
[2020.04.03-07.50.04:205][797]LogExit: Exiting.
[2020.04.03-07.50.04:227][797]Log file closed, 04/03/20 15:50:04
